#
# There is insufficient memory for the Java Runtime Environment to continue.
# Native memory allocation (malloc) failed to allocate 32744 bytes for ChunkPool::allocate
# Possible reasons:
#   The system is out of physical RAM or swap space
#   In 32 bit mode, the process size limit was hit
# Possible solutions:
#   Reduce memory load on the system
#   Increase physical memory or swap space
#   Check if swap backing store is full
#   Use 64 bit Java on a 64 bit OS
#   Decrease Java heap size (-Xmx/-Xms)
#   Decrease number of Java threads
#   Decrease Java thread stack sizes (-Xss)
#   Set larger code cache with -XX:ReservedCodeCacheSize=
# This output file may be truncated or incomplete.
#
#  Out of Memory Error (allocation.cpp:273), pid=4960, tid=0x0000000000000bd4
#
# JRE version: Java(TM) SE Runtime Environment (8.0_161-b12) (build 1.8.0_161-b12)
# Java VM: Java HotSpot(TM) 64-Bit Server VM (25.161-b12 mixed mode windows-amd64 compressed oops)
# Failed to write core dump. Minidumps are not enabled by default on client versions of Windows
#

---------------  T H R E A D  ---------------

Current thread (0x00000000563b0800):  JavaThread "C1 CompilerThread2" daemon [_thread_in_native, id=3028, stack(0x0000000056a10000,0x0000000056b10000)]

Stack: [0x0000000056a10000,0x0000000056b10000]
[error occurred during error reporting (printing stack bounds), id 0xc0000005]

Native frames: (J=compiled Java code, j=interpreted, Vv=VM code, C=native code)


Current CompileTask:
C1:5964235 1220       3       sun.java2d.SunGraphics2D::checkFontInfo (721 bytes)


---------------  P R O C E S S  ---------------

Java Threads: ( => current thread )
  0x0000000056eb6800 JavaThread "TimerQueue" daemon [_thread_blocked, id=8080, stack(0x0000000058f60000,0x0000000059060000)]
  0x000000000023e800 JavaThread "DestroyJavaVM" [_thread_blocked, id=4816, stack(0x0000000001fc0000,0x00000000020c0000)]
  0x0000000056d5a800 JavaThread "AWT-EventQueue-0" [_thread_blocked, id=8888, stack(0x0000000057b00000,0x0000000057c00000)]
  0x0000000056d58000 JavaThread "AWT-Windows" daemon [_thread_in_native, id=8132, stack(0x00000000579b0000,0x0000000057ab0000)]
  0x0000000056d48800 JavaThread "AWT-Shutdown" [_thread_blocked, id=8084, stack(0x0000000057880000,0x0000000057980000)]
  0x0000000056d47800 JavaThread "Java2D Disposer" daemon [_thread_blocked, id=6156, stack(0x00000000575f0000,0x00000000576f0000)]
  0x00000000563ec000 JavaThread "Service Thread" daemon [_thread_blocked, id=6148, stack(0x0000000056780000,0x0000000056880000)]
=>0x00000000563b0800 JavaThread "C1 CompilerThread2" daemon [_thread_in_native, id=3028, stack(0x0000000056a10000,0x0000000056b10000)]
  0x0000000054bff800 JavaThread "C2 CompilerThread1" daemon [_thread_in_native, id=9060, stack(0x00000000568f0000,0x00000000569f0000)]
  0x0000000054bf8000 JavaThread "C2 CompilerThread0" daemon [_thread_blocked, id=4312, stack(0x0000000056260000,0x0000000056360000)]
  0x0000000054bf5800 JavaThread "Attach Listener" daemon [_thread_blocked, id=2232, stack(0x0000000056150000,0x0000000056250000)]
  0x0000000054bf2000 JavaThread "Signal Dispatcher" daemon [_thread_blocked, id=2688, stack(0x0000000055fd0000,0x00000000560d0000)]
  0x0000000054bda000 JavaThread "Finalizer" daemon [_thread_blocked, id=8748, stack(0x0000000055e90000,0x0000000055f90000)]
  0x0000000054b92800 JavaThread "Reference Handler" daemon [_thread_blocked, id=2316, stack(0x0000000055bd0000,0x0000000055cd0000)]

Other Threads:
  0x0000000054b8b000 VMThread [stack: 0x0000000055a50000,0x0000000055b50000] [id=5472]
  0x00000000563f1800 WatcherThread [stack: 0x0000000056c30000,0x0000000056d30000] [id=3876]

VM state:not at safepoint (normal execution)

VM Mutex/Monitor currently owned by a thread: None

Heap:
 PSYoungGen      total 18944K, used 6801K [0x00000000eb180000, 0x00000000ec680000, 0x0000000100000000)
  eden space 16384K, 25% used [0x00000000eb180000,0x00000000eb5a4998,0x00000000ec180000)
  from space 2560K, 99% used [0x00000000ec180000,0x00000000ec3ffb90,0x00000000ec400000)
  to   space 2560K, 0% used [0x00000000ec400000,0x00000000ec400000,0x00000000ec680000)
 ParOldGen       total 44032K, used 3757K [0x00000000c1400000, 0x00000000c3f00000, 0x00000000eb180000)
  object space 44032K, 8% used [0x00000000c1400000,0x00000000c17ab7d0,0x00000000c3f00000)
 Metaspace       used 15027K, capacity 15290K, committed 15616K, reserved 1062912K
  class space    used 1920K, capacity 1983K, committed 2048K, reserved 1048576K

Card table byte_map: [0x0000000011750000,0x0000000011950000] byte_map_base: 0x0000000011146000

Marking Bits: (ParMarkBitMap*) 0x000000006832f860
 Begin Bits: [0x00000000120a0000, 0x0000000013050000)
 End Bits:   [0x0000000013050000, 0x0000000014000000)

Polling page: 0x0000000000210000

CodeCache: size=245760Kb used=3923Kb max_used=3923Kb free=241836Kb
 bounds [0x0000000002390000, 0x0000000002770000, 0x0000000011390000]
 total_blobs=1742 nmethods=1219 adapters=435
 compilation: enabled

Compilation events (10 events):
Event: 5795.065 Thread 0x00000000563b0800 1216   !   3       javax.swing.JComponent::paintComponent (44 bytes)
Event: 5795.065 Thread 0x00000000563b0800 nmethod 1216 0x0000000002764050 code [0x0000000002764200, 0x0000000002764738]
Event: 5795.065 Thread 0x00000000563b0800 1217       3       javax.swing.JComponent::paintBorder (28 bytes)
Event: 5795.066 Thread 0x00000000563b0800 nmethod 1217 0x0000000002764910 code [0x0000000002764aa0, 0x0000000002764f68]
Event: 5795.066 Thread 0x00000000563b0800 1219       3       sun.java2d.SurfaceData::getTransparency (8 bytes)
Event: 5795.066 Thread 0x00000000563b0800 nmethod 1219 0x00000000027650d0 code [0x0000000002765240, 0x00000000027654e8]
Event: 5795.066 Thread 0x00000000563b0800 1218       3       javax.swing.text.html.StyleSheet$BoxPainter::getOrientationMargin (141 bytes)
Event: 5795.067 Thread 0x00000000563b0800 nmethod 1218 0x0000000002765590 code [0x00000000027657c0, 0x0000000002766038]
Event: 5963.043 Thread 0x00000000563b0800 1220       3       sun.java2d.SunGraphics2D::checkFontInfo (721 bytes)
Event: 5963.046 Thread 0x0000000054bff800 1223       4       javax.swing.text.StyleContext$SmallAttributeSet::getLocalAttribute (49 bytes)

GC Heap History (2 events):
Event: 12.315 GC heap before
{Heap before GC invocations=1 (full 0):
 PSYoungGen      total 18944K, used 16384K [0x00000000eb180000, 0x00000000ec680000, 0x0000000100000000)
  eden space 16384K, 100% used [0x00000000eb180000,0x00000000ec180000,0x00000000ec180000)
  from space 2560K, 0% used [0x00000000ec400000,0x00000000ec400000,0x00000000ec680000)
  to   space 2560K, 0% used [0x00000000ec180000,0x00000000ec180000,0x00000000ec400000)
 ParOldGen       total 44032K, used 0K [0x00000000c1400000, 0x00000000c3f00000, 0x00000000eb180000)
  object space 44032K, 0% used [0x00000000c1400000,0x00000000c1400000,0x00000000c3f00000)
 Metaspace       used 14240K, capacity 14462K, committed 14720K, reserved 1062912K
  class space    used 1817K, capacity 1875K, committed 1920K, reserved 1048576K
Event: 12.325 GC heap after
Heap after GC invocations=1 (full 0):
 PSYoungGen      total 18944K, used 2558K [0x00000000eb180000, 0x00000000ec680000, 0x0000000100000000)
  eden space 16384K, 0% used [0x00000000eb180000,0x00000000eb180000,0x00000000ec180000)
  from space 2560K, 99% used [0x00000000ec180000,0x00000000ec3ffb90,0x00000000ec400000)
  to   space 2560K, 0% used [0x00000000ec400000,0x00000000ec400000,0x00000000ec680000)
 ParOldGen       total 44032K, used 3757K [0x00000000c1400000, 0x00000000c3f00000, 0x00000000eb180000)
  object space 44032K, 8% used [0x00000000c1400000,0x00000000c17ab7d0,0x00000000c3f00000)
 Metaspace       used 14240K, capacity 14462K, committed 14720K, reserved 1062912K
  class space    used 1817K, capacity 1875K, committed 1920K, reserved 1048576K
}

Deoptimization events (5 events):
Event: 0.376 Thread 0x0000000056d5a800 Uncommon trap: reason=class_check action=maybe_recompile pc=0x00000000024acfd8 method=java.lang.String.equals(Ljava/lang/Object;)Z @ 8
Event: 0.376 Thread 0x0000000056d5a800 Uncommon trap: reason=class_check action=maybe_recompile pc=0x00000000024acfd8 method=java.lang.String.equals(Ljava/lang/Object;)Z @ 8
Event: 0.377 Thread 0x0000000056d5a800 Uncommon trap: reason=class_check action=maybe_recompile pc=0x00000000024acfd8 method=java.lang.String.equals(Ljava/lang/Object;)Z @ 8
Event: 0.377 Thread 0x0000000056d5a800 Uncommon trap: reason=class_check action=maybe_recompile pc=0x00000000024acfd8 method=java.lang.String.equals(Ljava/lang/Object;)Z @ 8
Event: 10.838 Thread 0x0000000056d5a800 Uncommon trap: reason=unstable_if action=reinterpret pc=0x000000000264a4bc method=java.lang.String.indexOf([CII[CIII)I @ 3

Classes redefined (0 events):
No events

Internal exceptions (10 events):
Event: 0.049 Thread 0x000000000023e800 Exception <a 'java/lang/NoSuchMethodError': Method sun.misc.Unsafe.prefetchRead(Ljava/lang/Object;J)V name or signature does not match> (0x00000000eb187f88) thrown at [C:\re\workspace\8-2-build-windows-amd64-cygwin\jdk8u161\10277\hotspot\src\share\vm\prim
Event: 0.146 Thread 0x000000000023e800 Exception <a 'java/security/PrivilegedActionException'> (0x00000000eb216998) thrown at [C:\re\workspace\8-2-build-windows-amd64-cygwin\jdk8u161\10277\hotspot\src\share\vm\prims\jvm.cpp, line 1390]
Event: 0.146 Thread 0x000000000023e800 Exception <a 'java/security/PrivilegedActionException'> (0x00000000eb216ba8) thrown at [C:\re\workspace\8-2-build-windows-amd64-cygwin\jdk8u161\10277\hotspot\src\share\vm\prims\jvm.cpp, line 1390]
Event: 0.147 Thread 0x000000000023e800 Exception <a 'java/security/PrivilegedActionException'> (0x00000000eb21a818) thrown at [C:\re\workspace\8-2-build-windows-amd64-cygwin\jdk8u161\10277\hotspot\src\share\vm\prims\jvm.cpp, line 1390]
Event: 0.147 Thread 0x000000000023e800 Exception <a 'java/security/PrivilegedActionException'> (0x00000000eb21aa28) thrown at [C:\re\workspace\8-2-build-windows-amd64-cygwin\jdk8u161\10277\hotspot\src\share\vm\prims\jvm.cpp, line 1390]
Event: 0.152 Thread 0x000000000023e800 Exception <a 'java/io/FileNotFoundException'> (0x00000000eb223518) thrown at [C:\re\workspace\8-2-build-windows-amd64-cygwin\jdk8u161\10277\hotspot\src\share\vm\prims\jni.cpp, line 709]
Event: 0.186 Thread 0x000000000023e800 Exception <a 'java/lang/NoSuchFieldError': method resolution failed> (0x00000000eb346ce8) thrown at [C:\re\workspace\8-2-build-windows-amd64-cygwin\jdk8u161\10277\hotspot\src\share\vm\prims\methodHandles.cpp, line 1167]
Event: 0.188 Thread 0x000000000023e800 Exception <a 'java/lang/NoSuchFieldError': method resolution failed> (0x00000000eb3540b8) thrown at [C:\re\workspace\8-2-build-windows-amd64-cygwin\jdk8u161\10277\hotspot\src\share\vm\prims\methodHandles.cpp, line 1167]
Event: 0.264 Thread 0x0000000056d5a800 Exception <a 'java/io/FileNotFoundException'> (0x00000000eb46e830) thrown at [C:\re\workspace\8-2-build-windows-amd64-cygwin\jdk8u161\10277\hotspot\src\share\vm\prims\jni.cpp, line 709]
Event: 14.877 Thread 0x0000000056d5a800 Exception <a 'java/lang/NullPointerException'> (0x00000000eb4db500) thrown at [C:\re\workspace\8-2-build-windows-amd64-cygwin\jdk8u161\10277\hotspot\src\share\vm\interpreter\linkResolver.cpp, line 1287]

Events (10 events):
Event: 14.878 loading class java/lang/Throwable$PrintStreamOrWriter
Event: 14.878 loading class java/lang/Throwable$PrintStreamOrWriter done
Event: 14.878 loading class java/lang/Throwable$WrappedPrintStream done
Event: 15.944 Executing VM operation: RevokeBias
Event: 15.944 Executing VM operation: RevokeBias done
Event: 15.944 Thread 0x00000000563a1000 Thread exited: 0x00000000563a1000
Event: 19.481 loading class javax/swing/Autoscroller
Event: 19.481 loading class javax/swing/Autoscroller done
Event: 21.929 Executing VM operation: BulkRevokeBias
Event: 21.929 Executing VM operation: BulkRevokeBias done


Dynamic libraries:
0x000000013f440000 - 0x000000013f477000 	C:\Program Files\Java\jre1.8.0_161\bin\javaw.exe
0x00000000774a0000 - 0x000000007764a000 	C:\Windows\SYSTEM32\ntdll.dll
0x0000000077380000 - 0x000000007749f000 	C:\Windows\system32\kernel32.dll
0x000007fefd520000 - 0x000007fefd58a000 	C:\Windows\system32\KERNELBASE.dll
0x000007fefe2a0000 - 0x000007fefe37b000 	C:\Windows\system32\ADVAPI32.dll
0x000007fefe640000 - 0x000007fefe6df000 	C:\Windows\system32\msvcrt.dll
0x000007fefd5b0000 - 0x000007fefd5cf000 	C:\Windows\SYSTEM32\sechost.dll
0x000007fefe4a0000 - 0x000007fefe5cd000 	C:\Windows\system32\RPCRT4.dll
0x0000000077280000 - 0x000000007737a000 	C:\Windows\system32\USER32.dll
0x000007fefe5d0000 - 0x000007fefe637000 	C:\Windows\system32\GDI32.dll
0x000007fefd720000 - 0x000007fefd72e000 	C:\Windows\system32\LPK.dll
0x000007fefd620000 - 0x000007fefd6ea000 	C:\Windows\system32\USP10.dll
0x000007fefbbe0000 - 0x000007fefbdd4000 	C:\Windows\WinSxS\amd64_microsoft.windows.common-controls_6595b64144ccf1df_6.0.7601.18837_none_fa3b1e3d17594757\COMCTL32.dll
0x000007fefe9a0000 - 0x000007fefea11000 	C:\Windows\system32\SHLWAPI.dll
0x000007fefd6f0000 - 0x000007fefd71e000 	C:\Windows\system32\IMM32.DLL
0x000007fefd730000 - 0x000007fefd839000 	C:\Windows\system32\MSCTF.dll
0x000000005b860000 - 0x000000005b932000 	C:\Program Files\Java\jre1.8.0_161\bin\msvcr100.dll
0x0000000067b10000 - 0x00000000683af000 	C:\Program Files\Java\jre1.8.0_161\bin\server\jvm.dll
0x000007fef8880000 - 0x000007fef8889000 	C:\Windows\system32\WSOCK32.dll
0x000007fefd5d0000 - 0x000007fefd61d000 	C:\Windows\system32\WS2_32.dll
0x000007fefd8e0000 - 0x000007fefd8e8000 	C:\Windows\system32\NSI.dll
0x000007fef8820000 - 0x000007fef885b000 	C:\Windows\system32\WINMM.dll
0x000007fefc270000 - 0x000007fefc27c000 	C:\Windows\system32\VERSION.dll
0x0000000077660000 - 0x0000000077667000 	C:\Windows\system32\PSAPI.DLL
0x0000000074000000 - 0x000000007400f000 	C:\Program Files\Java\jre1.8.0_161\bin\verify.dll
0x0000000073fd0000 - 0x0000000073ff9000 	C:\Program Files\Java\jre1.8.0_161\bin\java.dll
0x0000000073fb0000 - 0x0000000073fc6000 	C:\Program Files\Java\jre1.8.0_161\bin\zip.dll
0x000007fefea20000 - 0x000007feff7aa000 	C:\Windows\system32\SHELL32.dll
0x000007fefdc20000 - 0x000007fefde23000 	C:\Windows\system32\ole32.dll
0x000007fefd1e0000 - 0x000007fefd1ef000 	C:\Windows\system32\profapi.dll
0x0000000066db0000 - 0x0000000066f48000 	C:\Program Files\Java\jre1.8.0_161\bin\awt.dll
0x000007fefe8c0000 - 0x000007fefe99a000 	C:\Windows\system32\OLEAUT32.dll
0x000007fefba00000 - 0x000007fefba56000 	C:\Windows\system32\uxtheme.dll
0x000007fefa550000 - 0x000007fefa568000 	C:\Windows\system32\dwmapi.dll
0x000007fefd070000 - 0x000007fefd07f000 	C:\Windows\system32\CRYPTBASE.dll
0x000007feeb6c0000 - 0x000007feeb7dd000 	C:\Windows\system32\opengl32.dll
0x000007fef2360000 - 0x000007fef238d000 	C:\Windows\system32\GLU32.dll
0x000007feecaa0000 - 0x000007feecb91000 	C:\Windows\system32\DDRAW.dll
0x000007fefa810000 - 0x000007fefa818000 	C:\Windows\system32\DCIMAN32.dll
0x000007fefe6e0000 - 0x000007fefe8b7000 	C:\Windows\system32\SETUPAPI.dll
0x000007fefd240000 - 0x000007fefd276000 	C:\Windows\system32\CFGMGR32.dll
0x000007fefd220000 - 0x000007fefd23a000 	C:\Windows\system32\DEVOBJ.dll
0x00000000670e0000 - 0x0000000067127000 	C:\Program Files\Java\jre1.8.0_161\bin\fontmanager.dll
0x0000000073f90000 - 0x0000000073faa000 	C:\Program Files\Java\jre1.8.0_161\bin\net.dll
0x000007fefc970000 - 0x000007fefc9c5000 	C:\Windows\system32\mswsock.dll
0x000007fefc960000 - 0x000007fefc967000 	C:\Windows\System32\wship6.dll
0x0000000073f70000 - 0x0000000073f81000 	C:\Program Files\Java\jre1.8.0_161\bin\nio.dll
0x0000000067090000 - 0x00000000670d2000 	C:\Program Files\Java\jre1.8.0_161\bin\t2k.dll
0x0000000067050000 - 0x0000000067081000 	C:\Program Files\Java\jre1.8.0_161\bin\jpeg.dll
0x000007fefd840000 - 0x000007fefd8d9000 	C:\Windows\system32\CLBCatQ.DLL
0x000007fefa3e0000 - 0x000007fefa541000 	C:\Windows\system32\WindowsCodecs.dll
0x000007fefcfd0000 - 0x000007fefd027000 	C:\Windows\system32\apphelp.dll
0x000007fef7710000 - 0x000007fef7745000 	C:\Windows\system32\EhStorShell.dll
0x000007fefba60000 - 0x000007fefbb8c000 	C:\Windows\system32\PROPSYS.dll
0x000007fef6db0000 - 0x000007fef741f000 	C:\PROGRA~1\MICROS~2\Office14\GROOVEEX.DLL
0x000000006fea0000 - 0x000000006ff3d000 	C:\Windows\WinSxS\amd64_microsoft.vc90.crt_1fc8b3b9a1e18e3b_9.0.30729.4940_none_08e4299fa83d7e3c\MSVCR90.dll
0x0000000074070000 - 0x0000000074143000 	C:\Windows\WinSxS\amd64_microsoft.vc90.crt_1fc8b3b9a1e18e3b_9.0.30729.4940_none_08e4299fa83d7e3c\MSVCP90.dll
0x0000000074040000 - 0x000000007406f000 	C:\Windows\WinSxS\amd64_microsoft.vc90.atl_1fc8b3b9a1e18e3b_9.0.30729.4148_none_0a1d2fcba76b3f00\ATL90.DLL
0x000007fef3cc0000 - 0x000007fef40da000 	C:\PROGRA~1\COMMON~1\MICROS~1\OFFICE14\Cultures\office.odf
0x000007fef3440000 - 0x000007fef3cbb000 	C:\PROGRA~1\MICROS~2\Office14\1046\GrooveIntlResource.dll
0x000007fef33a0000 - 0x000007fef341e000 	C:\Windows\System32\cscui.dll
0x000007fef6bd0000 - 0x000007fef6bdc000 	C:\Windows\System32\CSCDLL.dll
0x000007fef99e0000 - 0x000007fef99ef000 	C:\Windows\system32\CSCAPI.dll
0x000007fef3110000 - 0x000007fef3190000 	C:\Windows\system32\ntshrui.dll
0x000007fefcd30000 - 0x000007fefcd53000 	C:\Windows\system32\srvcli.dll
0x000007fefb130000 - 0x000007fefb13b000 	C:\Windows\system32\slc.dll
0x000007fefc340000 - 0x000007fefc347000 	C:\Windows\System32\wshtcpip.dll
0x000007fefc7f0000 - 0x000007fefc84b000 	C:\Windows\system32\DNSAPI.dll
0x000007fef9e40000 - 0x000007fef9e6f000 	C:\Program Files\Common Files\Microsoft Shared\Windows Live\WLIDNSP.DLL
0x000007fefaef0000 - 0x000007fefaf17000 	C:\Windows\system32\IPHLPAPI.DLL
0x000007fefaee0000 - 0x000007fefaeeb000 	C:\Windows\system32\WINNSI.DLL
0x000007fef9e30000 - 0x000007fef9e38000 	C:\Windows\system32\rasadhlp.dll
0x000007fefada0000 - 0x000007fefadf3000 	C:\Windows\System32\fwpuclnt.dll

VM Arguments:
jvm_args: -Dfile.encoding=Cp1252 
java_command: br.com.controle.imobiliario.view.Login
java_class_path (initial): C:\Users\Informatica01\workspace\ControleImobiliario\bin;D:\Documentos\Desktop\Driver POSTGRESQL\postgresql-9.4-1201.jdbc4.jar
Launcher Type: SUN_STANDARD

Environment Variables:
JAVA_HOME=C:\Program Files\Java\jre1.8.0_31
CLASSPATH=.;JAVA_HOME
PATH=C:/Program Files/Java/jre1.8.0_161/bin/server;C:/Program Files/Java/jre1.8.0_161/bin;C:/Program Files/Java/jre1.8.0_161/lib/amd64;C:\ProgramData\Oracle\Java\javapath;C:\Oracle\product\11.2.0\client_1\bin;C:\Program Files\Common Files\Microsoft Shared\Windows Live;C:\Program Files (x86)\Common Files\Microsoft Shared\Windows Live;C:\Windows\system32;C:\Windows;C:\Windows\System32\Wbem;C:\Windows\System32\WindowsPowerShell\v1.0\;C:\Program Files (x86)\Microsoft SQL Server\100\Tools\Binn\;C:\Program Files\Microsoft SQL Server\100\Tools\Binn\;C:\Program Files\Microsoft SQL Server\100\DTS\Binn\;C:\Program Files\Java\jdk1.8.0_31\bin;C:\Program Files (x86)\Windows Live\Shared;C:\Program Files (x86)\Spiceworks\Nmap;C:\Program Files (x86)\Spiceworks\Nmap;D:\Documentos\Desktop\eclipse\eclipse;
USERNAME=Informatica01
OS=Windows_NT
PROCESSOR_IDENTIFIER=Intel64 Family 6 Model 42 Stepping 7, GenuineIntel



---------------  S Y S T E M  ---------------

OS: Windows 7 , 64 bit Build 7601 (6.1.7601.23539)

CPU:total 4 (initial active 4) (2 cores per cpu, 2 threads per core) family 6 model 42 stepping 7, cmov, cx8, fxsr, mmx, sse, sse2, sse3, ssse3, sse4.1, sse4.2, popcnt, avx, clmul, ht, tsc, tscinvbit

Memory: 4k page, physical 4104836k(655148k free), swap 4417748k(684k free)

vm_info: Java HotSpot(TM) 64-Bit Server VM (25.161-b12) for windows-amd64 JRE (1.8.0_161-b12), built on Dec 19 2017 17:52:25 by "java_re" with MS VC++ 10.0 (VS2010)

time: Thu Mar 28 14:34:31 2019
elapsed time: 5963 seconds (0d 1h 39m 23s)

