#
# There is insufficient memory for the Java Runtime Environment to continue.
# Native memory allocation (malloc) failed to allocate 186336 bytes for Chunk::new
# Possible reasons:
#   The system is out of physical RAM or swap space
#   In 32 bit mode, the process size limit was hit
# Possible solutions:
#   Reduce memory load on the system
#   Increase physical memory or swap space
#   Check if swap backing store is full
#   Use 64 bit Java on a 64 bit OS
#   Decrease Java heap size (-Xmx/-Xms)
#   Decrease number of Java threads
#   Decrease Java thread stack sizes (-Xss)
#   Set larger code cache with -XX:ReservedCodeCacheSize=
# This output file may be truncated or incomplete.
#
#  Out of Memory Error (allocation.cpp:390), pid=5560, tid=0x0000000000001660
#
# JRE version: Java(TM) SE Runtime Environment (8.0_161-b12) (build 1.8.0_161-b12)
# Java VM: Java HotSpot(TM) 64-Bit Server VM (25.161-b12 mixed mode windows-amd64 compressed oops)
# Failed to write core dump. Minidumps are not enabled by default on client versions of Windows
#

---------------  T H R E A D  ---------------

Current thread (0x0000000054c58000):  JavaThread "C2 CompilerThread0" daemon [_thread_in_native, id=5728, stack(0x0000000056530000,0x0000000056630000)]

Stack: [0x0000000056530000,0x0000000056630000]
[error occurred during error reporting (printing stack bounds), id 0xc0000005]

Native frames: (J=compiled Java code, j=interpreted, Vv=VM code, C=native code)


Current CompileTask:
C2:   2260  809       4       sun.awt.image.PNGImageDecoder::filterRow (459 bytes)


---------------  P R O C E S S  ---------------

Java Threads: ( => current thread )
  0x0000000057269000 JavaThread "Image Fetcher 0" daemon [_thread_in_vm, id=6636, stack(0x0000000058930000,0x0000000058a30000)]
  0x0000000057251000 JavaThread "TimerQueue" daemon [_thread_blocked, id=6860, stack(0x0000000058ab0000,0x0000000058bb0000)]
  0x0000000001f5f000 JavaThread "DestroyJavaVM" [_thread_blocked, id=7720, stack(0x0000000002030000,0x0000000002130000)]
  0x00000000570ac800 JavaThread "AWT-EventQueue-0" [_thread_blocked, id=3776, stack(0x0000000057d30000,0x0000000057e30000)]
  0x00000000570ac000 JavaThread "AWT-Windows" daemon [_thread_in_native, id=7008, stack(0x0000000057c10000,0x0000000057d10000)]
  0x00000000570aa800 JavaThread "AWT-Shutdown" [_thread_blocked, id=7560, stack(0x0000000057a60000,0x0000000057b60000)]
  0x00000000570a8000 JavaThread "Java2D Disposer" daemon [_thread_blocked, id=7940, stack(0x00000000578e0000,0x00000000579e0000)]
  0x00000000566b6000 JavaThread "Service Thread" daemon [_thread_blocked, id=6784, stack(0x0000000056dc0000,0x0000000056ec0000)]
  0x0000000056633000 JavaThread "C1 CompilerThread2" daemon [_thread_in_native, id=6492, stack(0x0000000056c00000,0x0000000056d00000)]
  0x0000000056632800 JavaThread "C2 CompilerThread1" daemon [_thread_blocked, id=1520, stack(0x00000000560e0000,0x00000000561e0000)]
=>0x0000000054c58000 JavaThread "C2 CompilerThread0" daemon [_thread_in_native, id=5728, stack(0x0000000056530000,0x0000000056630000)]
  0x0000000054c55800 JavaThread "Attach Listener" daemon [_thread_blocked, id=3876, stack(0x0000000056400000,0x0000000056500000)]
  0x0000000054c52800 JavaThread "Signal Dispatcher" daemon [_thread_blocked, id=5624, stack(0x0000000056250000,0x0000000056350000)]
  0x0000000054c3a000 JavaThread "Finalizer" daemon [_thread_blocked, id=3952, stack(0x0000000055f90000,0x0000000056090000)]
  0x0000000054bf3000 JavaThread "Reference Handler" daemon [_thread_blocked, id=7692, stack(0x0000000055cf0000,0x0000000055df0000)]

Other Threads:
  0x0000000054beb800 VMThread [stack: 0x0000000055bc0000,0x0000000055cc0000] [id=5964]
  0x00000000566cc000 WatcherThread [stack: 0x0000000056f20000,0x0000000057020000] [id=548]

VM state:not at safepoint (normal execution)

VM Mutex/Monitor currently owned by a thread: None

Heap:
 PSYoungGen      total 18944K, used 18137K [0x00000000eb180000, 0x00000000ed680000, 0x0000000100000000)
  eden space 16384K, 96% used [0x00000000eb180000,0x00000000ec0f6560,0x00000000ec180000)
  from space 2560K, 90% used [0x00000000ec180000,0x00000000ec3c0020,0x00000000ec400000)
  to   space 2560K, 0% used [0x00000000ed400000,0x00000000ed400000,0x00000000ed680000)
 ParOldGen       total 44032K, used 14153K [0x00000000c1400000, 0x00000000c3f00000, 0x00000000eb180000)
  object space 44032K, 32% used [0x00000000c1400000,0x00000000c21d27a0,0x00000000c3f00000)
 Metaspace       used 14167K, capacity 14444K, committed 14720K, reserved 1062912K
  class space    used 1840K, capacity 1908K, committed 1920K, reserved 1048576K

Card table byte_map: [0x00000000117c0000,0x00000000119c0000] byte_map_base: 0x00000000111b6000

Marking Bits: (ParMarkBitMap*) 0x0000000063a7f860
 Begin Bits: [0x0000000012100000, 0x00000000130b0000)
 End Bits:   [0x00000000130b0000, 0x0000000014060000)

Polling page: 0x0000000000100000

CodeCache: size=245760Kb used=2814Kb max_used=2827Kb free=242945Kb
 bounds [0x0000000002400000, 0x00000000026d0000, 0x0000000011400000]
 total_blobs=1309 nmethods=807 adapters=414
 compilation: enabled

Compilation events (10 events):
Event: 2.225 Thread 0x0000000056633000  802       3       java.util.zip.InflaterInputStream::ensureOpen (18 bytes)
Event: 2.225 Thread 0x0000000056633000 nmethod 802 0x00000000026b9e10 code [0x00000000026b9f80, 0x00000000026ba1c8]
Event: 2.225 Thread 0x0000000056633000  804 %     3       sun.awt.image.PNGImageDecoder::filterRow @ 249 (459 bytes)
Event: 2.226 Thread 0x0000000056633000 nmethod 804% 0x00000000026bc550 code [0x00000000026bc7c0, 0x00000000026bd728]
Event: 2.226 Thread 0x0000000056633000  805       3       sun.awt.image.PNGImageDecoder::filterRow (459 bytes)
Event: 2.227 Thread 0x0000000056633000 nmethod 805 0x00000000026be810 code [0x00000000026bea60, 0x00000000026bf808]
Event: 2.228 Thread 0x0000000054c58000  806 %     4       sun.awt.image.PNGImageDecoder::filterRow @ 249 (459 bytes)
Event: 2.236 Thread 0x0000000054c58000 nmethod 806% 0x00000000026b9050 code [0x00000000026b91a0, 0x00000000026b9818]
Event: 2.236 Thread 0x0000000056633000  808 % !   3       sun.awt.image.PNGImageDecoder::produceImage @ 960 (1916 bytes)
Event: 2.236 Thread 0x0000000054c58000  809       4       sun.awt.image.PNGImageDecoder::filterRow (459 bytes)

GC Heap History (2 events):
Event: 0.750 GC heap before
{Heap before GC invocations=1 (full 0):
 PSYoungGen      total 18944K, used 16384K [0x00000000eb180000, 0x00000000ec680000, 0x0000000100000000)
  eden space 16384K, 100% used [0x00000000eb180000,0x00000000ec180000,0x00000000ec180000)
  from space 2560K, 0% used [0x00000000ec400000,0x00000000ec400000,0x00000000ec680000)
  to   space 2560K, 0% used [0x00000000ec180000,0x00000000ec180000,0x00000000ec400000)
 ParOldGen       total 44032K, used 0K [0x00000000c1400000, 0x00000000c3f00000, 0x00000000eb180000)
  object space 44032K, 0% used [0x00000000c1400000,0x00000000c1400000,0x00000000c3f00000)
 Metaspace       used 11932K, capacity 12216K, committed 12544K, reserved 1060864K
  class space    used 1579K, capacity 1682K, committed 1792K, reserved 1048576K
Event: 0.759 GC heap after
Heap after GC invocations=1 (full 0):
 PSYoungGen      total 18944K, used 2304K [0x00000000eb180000, 0x00000000ed680000, 0x0000000100000000)
  eden space 16384K, 0% used [0x00000000eb180000,0x00000000eb180000,0x00000000ec180000)
  from space 2560K, 90% used [0x00000000ec180000,0x00000000ec3c0020,0x00000000ec400000)
  to   space 2560K, 0% used [0x00000000ed400000,0x00000000ed400000,0x00000000ed680000)
 ParOldGen       total 44032K, used 14153K [0x00000000c1400000, 0x00000000c3f00000, 0x00000000eb180000)
  object space 44032K, 32% used [0x00000000c1400000,0x00000000c21d27a0,0x00000000c3f00000)
 Metaspace       used 11932K, capacity 12216K, committed 12544K, reserved 1060864K
  class space    used 1579K, capacity 1682K, committed 1792K, reserved 1048576K
}

Deoptimization events (5 events):
Event: 0.492 Thread 0x00000000570ac800 Uncommon trap: reason=class_check action=maybe_recompile pc=0x000000000251cd18 method=java.lang.String.equals(Ljava/lang/Object;)Z @ 8
Event: 0.492 Thread 0x00000000570ac800 Uncommon trap: reason=class_check action=maybe_recompile pc=0x000000000251cd18 method=java.lang.String.equals(Ljava/lang/Object;)Z @ 8
Event: 0.493 Thread 0x00000000570ac800 Uncommon trap: reason=class_check action=maybe_recompile pc=0x000000000251cd18 method=java.lang.String.equals(Ljava/lang/Object;)Z @ 8
Event: 0.493 Thread 0x00000000570ac800 Uncommon trap: reason=class_check action=maybe_recompile pc=0x000000000251cd18 method=java.lang.String.equals(Ljava/lang/Object;)Z @ 8
Event: 1.714 Thread 0x00000000570ac800 Uncommon trap: reason=unstable_if action=reinterpret pc=0x0000000002681060 method=java.lang.String.indexOf([CII[CIII)I @ 3

Classes redefined (0 events):
No events

Internal exceptions (10 events):
Event: 0.053 Thread 0x0000000001f5f000 Exception <a 'java/lang/NoSuchMethodError': Method sun.misc.Unsafe.defineClass(Ljava/lang/String;[BII)Ljava/lang/Class; name or signature does not match> (0x00000000eb187ca0) thrown at [C:\re\workspace\8-2-build-windows-amd64-cygwin\jdk8u161\10277\hotspot
Event: 0.053 Thread 0x0000000001f5f000 Exception <a 'java/lang/NoSuchMethodError': Method sun.misc.Unsafe.prefetchRead(Ljava/lang/Object;J)V name or signature does not match> (0x00000000eb187f88) thrown at [C:\re\workspace\8-2-build-windows-amd64-cygwin\jdk8u161\10277\hotspot\src\share\vm\prim
Event: 0.237 Thread 0x0000000001f5f000 Exception <a 'java/security/PrivilegedActionException'> (0x00000000eb221db8) thrown at [C:\re\workspace\8-2-build-windows-amd64-cygwin\jdk8u161\10277\hotspot\src\share\vm\prims\jvm.cpp, line 1390]
Event: 0.237 Thread 0x0000000001f5f000 Exception <a 'java/security/PrivilegedActionException'> (0x00000000eb221fc8) thrown at [C:\re\workspace\8-2-build-windows-amd64-cygwin\jdk8u161\10277\hotspot\src\share\vm\prims\jvm.cpp, line 1390]
Event: 0.238 Thread 0x0000000001f5f000 Exception <a 'java/security/PrivilegedActionException'> (0x00000000eb277b38) thrown at [C:\re\workspace\8-2-build-windows-amd64-cygwin\jdk8u161\10277\hotspot\src\share\vm\prims\jvm.cpp, line 1390]
Event: 0.238 Thread 0x0000000001f5f000 Exception <a 'java/security/PrivilegedActionException'> (0x00000000eb277d48) thrown at [C:\re\workspace\8-2-build-windows-amd64-cygwin\jdk8u161\10277\hotspot\src\share\vm\prims\jvm.cpp, line 1390]
Event: 0.249 Thread 0x0000000001f5f000 Exception <a 'java/io/FileNotFoundException'> (0x00000000eb29cec0) thrown at [C:\re\workspace\8-2-build-windows-amd64-cygwin\jdk8u161\10277\hotspot\src\share\vm\prims\jni.cpp, line 709]
Event: 0.285 Thread 0x0000000001f5f000 Exception <a 'java/lang/NoSuchFieldError': method resolution failed> (0x00000000eb36e3e0) thrown at [C:\re\workspace\8-2-build-windows-amd64-cygwin\jdk8u161\10277\hotspot\src\share\vm\prims\methodHandles.cpp, line 1167]
Event: 0.290 Thread 0x0000000001f5f000 Exception <a 'java/lang/NoSuchFieldError': method resolution failed> (0x00000000eb37ba88) thrown at [C:\re\workspace\8-2-build-windows-amd64-cygwin\jdk8u161\10277\hotspot\src\share\vm\prims\methodHandles.cpp, line 1167]
Event: 0.363 Thread 0x00000000570ac800 Exception <a 'java/io/FileNotFoundException'> (0x00000000eb4c05d0) thrown at [C:\re\workspace\8-2-build-windows-amd64-cygwin\jdk8u161\10277\hotspot\src\share\vm\prims\jni.cpp, line 709]

Events (10 events):
Event: 2.207 loading class sun/awt/Symbol
Event: 2.207 loading class sun/awt/Symbol done
Event: 2.207 loading class sun/awt/Symbol$Encoder
Event: 2.207 loading class sun/awt/Symbol$Encoder done
Event: 2.215 loading class sun/awt/image/PNGImageDecoder
Event: 2.215 loading class sun/awt/image/PNGImageDecoder done
Event: 2.216 loading class sun/awt/image/PNGFilterInputStream
Event: 2.216 loading class sun/awt/image/PNGFilterInputStream done
Event: 2.216 loading class sun/awt/image/PNGImageDecoder$Chromaticities
Event: 2.216 loading class sun/awt/image/PNGImageDecoder$Chromaticities done


Dynamic libraries:
0x000000013fd90000 - 0x000000013fdc7000 	C:\Program Files\Java\jre1.8.0_161\bin\javaw.exe
0x0000000076f40000 - 0x00000000770ea000 	C:\Windows\SYSTEM32\ntdll.dll
0x0000000076e20000 - 0x0000000076f3f000 	C:\Windows\system32\kernel32.dll
0x000007fefcd00000 - 0x000007fefcd6a000 	C:\Windows\system32\KERNELBASE.dll
0x000007fefea90000 - 0x000007fefeb6b000 	C:\Windows\system32\ADVAPI32.dll
0x000007fefee00000 - 0x000007fefee9f000 	C:\Windows\system32\msvcrt.dll
0x000007fefed60000 - 0x000007fefed7f000 	C:\Windows\SYSTEM32\sechost.dll
0x000007fefd330000 - 0x000007fefd45d000 	C:\Windows\system32\RPCRT4.dll
0x0000000076d20000 - 0x0000000076e1a000 	C:\Windows\system32\USER32.dll
0x000007fefed80000 - 0x000007fefede7000 	C:\Windows\system32\GDI32.dll
0x000007fefedf0000 - 0x000007fefedfe000 	C:\Windows\system32\LPK.dll
0x000007feff180000 - 0x000007feff24a000 	C:\Windows\system32\USP10.dll
0x000007fefb290000 - 0x000007fefb484000 	C:\Windows\WinSxS\amd64_microsoft.windows.common-controls_6595b64144ccf1df_6.0.7601.18837_none_fa3b1e3d17594757\COMCTL32.dll
0x000007feff100000 - 0x000007feff171000 	C:\Windows\system32\SHLWAPI.dll
0x000007fefd260000 - 0x000007fefd28e000 	C:\Windows\system32\IMM32.DLL
0x000007fefd460000 - 0x000007fefd569000 	C:\Windows\system32\MSCTF.dll
0x000000006ea50000 - 0x000000006eb22000 	C:\Program Files\Java\jre1.8.0_161\bin\msvcr100.dll
0x0000000063260000 - 0x0000000063aff000 	C:\Program Files\Java\jre1.8.0_161\bin\server\jvm.dll
0x000007fef2f90000 - 0x000007fef2f99000 	C:\Windows\system32\WSOCK32.dll
0x000007feff0b0000 - 0x000007feff0fd000 	C:\Windows\system32\WS2_32.dll
0x000007fefd050000 - 0x000007fefd058000 	C:\Windows\system32\NSI.dll
0x000007fef9ae0000 - 0x000007fef9b1b000 	C:\Windows\system32\WINMM.dll
0x000007fefbd10000 - 0x000007fefbd1c000 	C:\Windows\system32\VERSION.dll
0x0000000077100000 - 0x0000000077107000 	C:\Windows\system32\PSAPI.DLL
0x0000000073540000 - 0x000000007354f000 	C:\Program Files\Java\jre1.8.0_161\bin\verify.dll
0x0000000073510000 - 0x0000000073539000 	C:\Program Files\Java\jre1.8.0_161\bin\java.dll
0x00000000734f0000 - 0x0000000073506000 	C:\Program Files\Java\jre1.8.0_161\bin\zip.dll
0x000007fefd750000 - 0x000007fefe4da000 	C:\Windows\system32\SHELL32.dll
0x000007fefeea0000 - 0x000007feff0a3000 	C:\Windows\system32\ole32.dll
0x000007fefcc70000 - 0x000007fefcc7f000 	C:\Windows\system32\profapi.dll
0x000000006d250000 - 0x000000006d3e8000 	C:\Program Files\Java\jre1.8.0_161\bin\awt.dll
0x000007fefd0e0000 - 0x000007fefd1ba000 	C:\Windows\system32\OLEAUT32.dll
0x000007fefb1c0000 - 0x000007fefb216000 	C:\Windows\system32\uxtheme.dll
0x000007fefa250000 - 0x000007fefa268000 	C:\Windows\system32\dwmapi.dll
0x000007fefcb10000 - 0x000007fefcb1f000 	C:\Windows\system32\CRYPTBASE.dll
0x000007fee7ee0000 - 0x000007fee7ffd000 	C:\Windows\system32\opengl32.dll
0x000007feeeb00000 - 0x000007feeeb2d000 	C:\Windows\system32\GLU32.dll
0x000007fee7de0000 - 0x000007fee7ed1000 	C:\Windows\system32\DDRAW.dll
0x000007fefa020000 - 0x000007fefa028000 	C:\Windows\system32\DCIMAN32.dll
0x000007fefd570000 - 0x000007fefd747000 	C:\Windows\system32\SETUPAPI.dll
0x000007fefccb0000 - 0x000007fefcce6000 	C:\Windows\system32\CFGMGR32.dll
0x000007fefd000000 - 0x000007fefd01a000 	C:\Windows\system32\DEVOBJ.dll
0x0000000073400000 - 0x0000000073447000 	C:\Program Files\Java\jre1.8.0_161\bin\fontmanager.dll
0x00000000734d0000 - 0x00000000734ea000 	C:\Program Files\Java\jre1.8.0_161\bin\net.dll
0x000007fefc410000 - 0x000007fefc465000 	C:\Windows\system32\mswsock.dll
0x000007fefc400000 - 0x000007fefc407000 	C:\Windows\System32\wship6.dll
0x00000000734b0000 - 0x00000000734c1000 	C:\Program Files\Java\jre1.8.0_161\bin\nio.dll
0x000000006eed0000 - 0x000000006ef12000 	C:\Program Files\Java\jre1.8.0_161\bin\t2k.dll
0x000000006ee90000 - 0x000000006eec1000 	C:\Program Files\Java\jre1.8.0_161\bin\jpeg.dll
0x000007fefbde0000 - 0x000007fefbde7000 	C:\Windows\System32\wshtcpip.dll
0x000007fefc290000 - 0x000007fefc2eb000 	C:\Windows\system32\DNSAPI.dll
0x000007fef9ab0000 - 0x000007fef9adf000 	C:\Program Files\Common Files\Microsoft Shared\Windows Live\WLIDNSP.DLL
0x000007fefa990000 - 0x000007fefa9b7000 	C:\Windows\system32\IPHLPAPI.DLL
0x000007fefa980000 - 0x000007fefa98b000 	C:\Windows\system32\WINNSI.DLL
0x000007fef9a60000 - 0x000007fef9a68000 	C:\Windows\system32\rasadhlp.dll
0x000007fefa840000 - 0x000007fefa893000 	C:\Windows\System32\fwpuclnt.dll

VM Arguments:
jvm_args: -Dfile.encoding=Cp1252 
java_command: br.com.controle.imobiliario.view.CadastrarReceita
java_class_path (initial): C:\Users\Informatica01\workspace\ControleImobiliario\bin;D:\Documentos\Desktop\Driver POSTGRESQL\postgresql-9.4-1201.jdbc4.jar;C:\Users\Informatica01\workspace\ControleImobiliario\Biblioteca\commons-beanutils-1.8.2.jar;C:\Users\Informatica01\workspace\ControleImobiliario\Biblioteca\commons-collections-3.2.1.jar;C:\Users\Informatica01\workspace\ControleImobiliario\Biblioteca\commons-digester-2.1.jar;C:\Users\Informatica01\workspace\ControleImobiliario\Biblioteca\commons-logging-1.1.jar;C:\Users\Informatica01\workspace\ControleImobiliario\Biblioteca\groovy-all-2.0.1.jar;C:\Users\Informatica01\workspace\ControleImobiliario\Biblioteca\iText-2.1.7.js2.jar;C:\Users\Informatica01\workspace\ControleImobiliario\Biblioteca\jasperreports-5.6.0.jar;C:\Users\Informatica01\workspace\ControleImobiliario\Biblioteca\jasperreports-fonts-5.6.0.jar
Launcher Type: SUN_STANDARD

Environment Variables:
JAVA_HOME=C:\Program Files\Java\jre1.8.0_31
CLASSPATH=.;JAVA_HOME
PATH=C:/Program Files/Java/jre1.8.0_161/bin/server;C:/Program Files/Java/jre1.8.0_161/bin;C:/Program Files/Java/jre1.8.0_161/lib/amd64;C:\ProgramData\Oracle\Java\javapath;C:\Oracle\product\11.2.0\client_1\bin;C:\Program Files\Common Files\Microsoft Shared\Windows Live;C:\Program Files (x86)\Common Files\Microsoft Shared\Windows Live;C:\Windows\system32;C:\Windows;C:\Windows\System32\Wbem;C:\Windows\System32\WindowsPowerShell\v1.0\;C:\Program Files (x86)\Microsoft SQL Server\100\Tools\Binn\;C:\Program Files\Microsoft SQL Server\100\Tools\Binn\;C:\Program Files\Microsoft SQL Server\100\DTS\Binn\;C:\Program Files\Java\jdk1.8.0_31\bin;C:\Program Files (x86)\Windows Live\Shared;C:\Program Files (x86)\Spiceworks\Nmap;C:\Program Files (x86)\Spiceworks\Nmap;D:\Documentos\Desktop\eclipse\eclipse;
USERNAME=Informatica01
OS=Windows_NT
PROCESSOR_IDENTIFIER=Intel64 Family 6 Model 42 Stepping 7, GenuineIntel



---------------  S Y S T E M  ---------------

OS: Windows 7 , 64 bit Build 7601 (6.1.7601.23539)

CPU:total 4 (initial active 4) (2 cores per cpu, 2 threads per core) family 6 model 42 stepping 7, cmov, cx8, fxsr, mmx, sse, sse2, sse3, ssse3, sse4.1, sse4.2, popcnt, avx, clmul, ht, tsc, tscinvbit

Memory: 4k page, physical 4104836k(495176k free), swap 4102976k(5128k free)

vm_info: Java HotSpot(TM) 64-Bit Server VM (25.161-b12) for windows-amd64 JRE (1.8.0_161-b12), built on Dec 19 2017 17:52:25 by "java_re" with MS VC++ 10.0 (VS2010)

time: Fri May 03 15:16:24 2019
elapsed time: 2 seconds (0d 0h 0m 2s)

