#
# There is insufficient memory for the Java Runtime Environment to continue.
# Native memory allocation (malloc) failed to allocate 32744 bytes for ChunkPool::allocate
# Possible reasons:
#   The system is out of physical RAM or swap space
#   In 32 bit mode, the process size limit was hit
# Possible solutions:
#   Reduce memory load on the system
#   Increase physical memory or swap space
#   Check if swap backing store is full
#   Use 64 bit Java on a 64 bit OS
#   Decrease Java heap size (-Xmx/-Xms)
#   Decrease number of Java threads
#   Decrease Java thread stack sizes (-Xss)
#   Set larger code cache with -XX:ReservedCodeCacheSize=
# This output file may be truncated or incomplete.
#
#  Out of Memory Error (allocation.cpp:273), pid=7344, tid=0x0000000000001e38
#
# JRE version: Java(TM) SE Runtime Environment (8.0_161-b12) (build 1.8.0_161-b12)
# Java VM: Java HotSpot(TM) 64-Bit Server VM (25.161-b12 mixed mode windows-amd64 compressed oops)
# Failed to write core dump. Minidumps are not enabled by default on client versions of Windows
#

---------------  T H R E A D  ---------------

Current thread (0x0000000054b76000):  JavaThread "C2 CompilerThread0" daemon [_thread_in_native, id=7736, stack(0x0000000056400000,0x0000000056500000)]

Stack: [0x0000000056400000,0x0000000056500000]
[error occurred during error reporting (printing stack bounds), id 0xc0000005]

Native frames: (J=compiled Java code, j=interpreted, Vv=VM code, C=native code)


Current CompileTask:
C2: 136838 1239       4       java.security.AccessControlContext::optimize (318 bytes)


---------------  P R O C E S S  ---------------

Java Threads: ( => current thread )
  0x0000000057d92800 JavaThread "TimerQueue" daemon [_thread_blocked, id=6240, stack(0x000000005a020000,0x000000005a120000)]
  0x0000000001dce800 JavaThread "DestroyJavaVM" [_thread_blocked, id=7604, stack(0x0000000001fd0000,0x00000000020d0000)]
  0x00000000568d8800 JavaThread "AWT-EventQueue-0" [_thread_blocked, id=7244, stack(0x00000000570d0000,0x00000000571d0000)]
  0x00000000568d3000 JavaThread "AWT-Windows" daemon [_thread_in_native, id=6640, stack(0x0000000057260000,0x0000000057360000)]
  0x00000000568d0000 JavaThread "AWT-Shutdown" [_thread_blocked, id=1300, stack(0x0000000056e40000,0x0000000056f40000)]
  0x00000000568cf800 JavaThread "Java2D Disposer" daemon [_thread_blocked, id=7760, stack(0x0000000056f80000,0x0000000057080000)]
  0x0000000056588800 JavaThread "Service Thread" daemon [_thread_blocked, id=5344, stack(0x0000000056cf0000,0x0000000056df0000)]
  0x0000000056503000 JavaThread "C1 CompilerThread2" daemon [_thread_blocked, id=1784, stack(0x0000000056b90000,0x0000000056c90000)]
  0x0000000056502800 JavaThread "C2 CompilerThread1" daemon [_thread_blocked, id=6820, stack(0x00000000569b0000,0x0000000056ab0000)]
=>0x0000000054b76000 JavaThread "C2 CompilerThread0" daemon [_thread_in_native, id=7736, stack(0x0000000056400000,0x0000000056500000)]
  0x0000000054b73800 JavaThread "Attach Listener" daemon [_thread_blocked, id=1404, stack(0x0000000056250000,0x0000000056350000)]
  0x0000000054b70000 JavaThread "Signal Dispatcher" daemon [_thread_blocked, id=2264, stack(0x0000000055f60000,0x0000000056060000)]
  0x0000000054b5a000 JavaThread "Finalizer" daemon [_thread_blocked, id=4256, stack(0x0000000055d50000,0x0000000055e50000)]
  0x0000000054b13000 JavaThread "Reference Handler" daemon [_thread_blocked, id=2536, stack(0x0000000055b80000,0x0000000055c80000)]

Other Threads:
  0x0000000054b0b000 VMThread [stack: 0x0000000055a60000,0x0000000055b60000] [id=1692]
  0x00000000565b2800 WatcherThread [stack: 0x0000000056150000,0x0000000056250000] [id=1420]

VM state:not at safepoint (normal execution)

VM Mutex/Monitor currently owned by a thread: None

Heap:
 PSYoungGen      total 18944K, used 18512K [0x00000000eb180000, 0x00000000ec680000, 0x0000000100000000)
  eden space 16384K, 97% used [0x00000000eb180000,0x00000000ec1155c0,0x00000000ec180000)
  from space 2560K, 99% used [0x00000000ec180000,0x00000000ec3fea50,0x00000000ec400000)
  to   space 2560K, 0% used [0x00000000ec400000,0x00000000ec400000,0x00000000ec680000)
 ParOldGen       total 44032K, used 4269K [0x00000000c1400000, 0x00000000c3f00000, 0x00000000eb180000)
  object space 44032K, 9% used [0x00000000c1400000,0x00000000c182b658,0x00000000c3f00000)
 Metaspace       used 15551K, capacity 15768K, committed 16000K, reserved 1062912K
  class space    used 1995K, capacity 2078K, committed 2176K, reserved 1048576K

Card table byte_map: [0x0000000011760000,0x0000000011960000] byte_map_base: 0x0000000011156000

Marking Bits: (ParMarkBitMap*) 0x000000006a5df860
 Begin Bits: [0x0000000012020000, 0x0000000012fd0000)
 End Bits:   [0x0000000012fd0000, 0x0000000013f80000)

Polling page: 0x0000000000090000

CodeCache: size=245760Kb used=4346Kb max_used=4346Kb free=241413Kb
 bounds [0x00000000023a0000, 0x00000000027e0000, 0x00000000113a0000]
 total_blobs=1761 nmethods=1238 adapters=435
 compilation: enabled

Compilation events (10 events):
Event: 30.709 Thread 0x0000000056503000 nmethod 1234 0x00000000027df110 code [0x00000000027df260, 0x00000000027df370]
Event: 30.710 Thread 0x0000000056503000 1235       3       sun.java2d.pipe.Region::isInsideXYXY (39 bytes)
Event: 30.710 Thread 0x0000000056503000 nmethod 1235 0x00000000027dec90 code [0x00000000027dee00, 0x00000000027df070]
Event: 30.710 Thread 0x0000000056503000 1238       3       java.awt.Rectangle::<init> (9 bytes)
Event: 30.711 Thread 0x0000000056503000 nmethod 1238 0x00000000027de6d0 code [0x00000000027de840, 0x00000000027deb30]
Event: 30.711 Thread 0x0000000056503000 1236   !   3       sun.awt.image.SurfaceManager::getManager (47 bytes)
Event: 30.711 Thread 0x0000000056503000 nmethod 1236 0x00000000027dda50 code [0x00000000027ddc20, 0x00000000027de338]
Event: 30.711 Thread 0x0000000056503000 1237       3       java.awt.Image$1::getSurfaceManager (5 bytes)
Event: 30.711 Thread 0x0000000056503000 nmethod 1237 0x00000000027df750 code [0x00000000027df8a0, 0x00000000027df9f0]
Event: 136.760 Thread 0x0000000054b76000 1239       4       java.security.AccessControlContext::optimize (318 bytes)

GC Heap History (2 events):
Event: 9.488 GC heap before
{Heap before GC invocations=1 (full 0):
 PSYoungGen      total 18944K, used 16384K [0x00000000eb180000, 0x00000000ec680000, 0x0000000100000000)
  eden space 16384K, 100% used [0x00000000eb180000,0x00000000ec180000,0x00000000ec180000)
  from space 2560K, 0% used [0x00000000ec400000,0x00000000ec400000,0x00000000ec680000)
  to   space 2560K, 0% used [0x00000000ec180000,0x00000000ec180000,0x00000000ec400000)
 ParOldGen       total 44032K, used 0K [0x00000000c1400000, 0x00000000c3f00000, 0x00000000eb180000)
  object space 44032K, 0% used [0x00000000c1400000,0x00000000c1400000,0x00000000c3f00000)
 Metaspace       used 14560K, capacity 14818K, committed 15104K, reserved 1062912K
  class space    used 1893K, capacity 1971K, committed 2048K, reserved 1048576K
Event: 9.495 GC heap after
Heap after GC invocations=1 (full 0):
 PSYoungGen      total 18944K, used 2554K [0x00000000eb180000, 0x00000000ec680000, 0x0000000100000000)
  eden space 16384K, 0% used [0x00000000eb180000,0x00000000eb180000,0x00000000ec180000)
  from space 2560K, 99% used [0x00000000ec180000,0x00000000ec3fea50,0x00000000ec400000)
  to   space 2560K, 0% used [0x00000000ec400000,0x00000000ec400000,0x00000000ec680000)
 ParOldGen       total 44032K, used 4269K [0x00000000c1400000, 0x00000000c3f00000, 0x00000000eb180000)
  object space 44032K, 9% used [0x00000000c1400000,0x00000000c182b658,0x00000000c3f00000)
 Metaspace       used 14560K, capacity 14818K, committed 15104K, reserved 1062912K
  class space    used 1893K, capacity 1971K, committed 2048K, reserved 1048576K
}

Deoptimization events (7 events):
Event: 0.243 Thread 0x0000000001dce800 Uncommon trap: reason=unstable_if action=reinterpret pc=0x00000000024bb0b4 method=java.lang.String.equals(Ljava/lang/Object;)Z @ 2
Event: 0.707 Thread 0x00000000568d8800 Uncommon trap: reason=null_check action=make_not_entrant pc=0x0000000002508e18 method=java.lang.String.equals(Ljava/lang/Object;)Z @ 8
Event: 3.859 Thread 0x00000000568d8800 Uncommon trap: reason=class_check action=maybe_recompile pc=0x0000000002525a18 method=java.lang.String.equals(Ljava/lang/Object;)Z @ 8
Event: 3.859 Thread 0x00000000568d8800 Uncommon trap: reason=class_check action=maybe_recompile pc=0x0000000002525a18 method=java.lang.String.equals(Ljava/lang/Object;)Z @ 8
Event: 3.859 Thread 0x00000000568d8800 Uncommon trap: reason=class_check action=maybe_recompile pc=0x0000000002525a18 method=java.lang.String.equals(Ljava/lang/Object;)Z @ 8
Event: 5.765 Thread 0x00000000568d8800 Uncommon trap: reason=class_check action=maybe_recompile pc=0x0000000002525a18 method=java.lang.String.equals(Ljava/lang/Object;)Z @ 8
Event: 9.189 Thread 0x00000000568d8800 Uncommon trap: reason=unstable_if action=reinterpret pc=0x000000000263f7fc method=java.lang.String.indexOf([CII[CIII)I @ 3

Classes redefined (0 events):
No events

Internal exceptions (10 events):
Event: 0.082 Thread 0x0000000001dce800 Exception <a 'java/lang/NoSuchMethodError': Method sun.misc.Unsafe.prefetchRead(Ljava/lang/Object;J)V name or signature does not match> (0x00000000eb187f88) thrown at [C:\re\workspace\8-2-build-windows-amd64-cygwin\jdk8u161\10277\hotspot\src\share\vm\prim
Event: 0.275 Thread 0x0000000001dce800 Exception <a 'java/security/PrivilegedActionException'> (0x00000000eb2181d8) thrown at [C:\re\workspace\8-2-build-windows-amd64-cygwin\jdk8u161\10277\hotspot\src\share\vm\prims\jvm.cpp, line 1390]
Event: 0.275 Thread 0x0000000001dce800 Exception <a 'java/security/PrivilegedActionException'> (0x00000000eb2183e8) thrown at [C:\re\workspace\8-2-build-windows-amd64-cygwin\jdk8u161\10277\hotspot\src\share\vm\prims\jvm.cpp, line 1390]
Event: 0.276 Thread 0x0000000001dce800 Exception <a 'java/security/PrivilegedActionException'> (0x00000000eb21c058) thrown at [C:\re\workspace\8-2-build-windows-amd64-cygwin\jdk8u161\10277\hotspot\src\share\vm\prims\jvm.cpp, line 1390]
Event: 0.276 Thread 0x0000000001dce800 Exception <a 'java/security/PrivilegedActionException'> (0x00000000eb21c268) thrown at [C:\re\workspace\8-2-build-windows-amd64-cygwin\jdk8u161\10277\hotspot\src\share\vm\prims\jvm.cpp, line 1390]
Event: 0.382 Thread 0x0000000001dce800 Exception <a 'java/io/FileNotFoundException'> (0x00000000eb27ce60) thrown at [C:\re\workspace\8-2-build-windows-amd64-cygwin\jdk8u161\10277\hotspot\src\share\vm\prims\jni.cpp, line 709]
Event: 0.418 Thread 0x0000000001dce800 Exception <a 'java/lang/NoSuchFieldError': method resolution failed> (0x00000000eb34e698) thrown at [C:\re\workspace\8-2-build-windows-amd64-cygwin\jdk8u161\10277\hotspot\src\share\vm\prims\methodHandles.cpp, line 1167]
Event: 0.420 Thread 0x0000000001dce800 Exception <a 'java/lang/NoSuchFieldError': method resolution failed> (0x00000000eb35ba68) thrown at [C:\re\workspace\8-2-build-windows-amd64-cygwin\jdk8u161\10277\hotspot\src\share\vm\prims\methodHandles.cpp, line 1167]
Event: 0.602 Thread 0x00000000568d8800 Exception <a 'java/io/FileNotFoundException'> (0x00000000eb46e650) thrown at [C:\re\workspace\8-2-build-windows-amd64-cygwin\jdk8u161\10277\hotspot\src\share\vm\prims\jni.cpp, line 709]
Event: 0.707 Thread 0x00000000568d8800 Implicit null exception at 0x0000000002508c45 to 0x0000000002508e09

Events (10 events):
Event: 18.837 loading class sun/java2d/pipe/RegionClipSpanIterator
Event: 18.837 loading class sun/java2d/pipe/RegionClipSpanIterator done
Event: 18.838 loading class sun/java2d/loops/Blit$GeneralMaskBlit
Event: 18.838 loading class sun/java2d/loops/Blit$GeneralMaskBlit done
Event: 18.846 loading class javax/swing/table/DefaultTableCellRenderer$UIResource
Event: 18.846 loading class javax/swing/table/DefaultTableCellRenderer$UIResource done
Event: 18.860 loading class javax/swing/text/JTextComponent$InputMethodRequestsHandler
Event: 18.861 loading class javax/swing/text/JTextComponent$InputMethodRequestsHandler done
Event: 74.466 Executing VM operation: BulkRevokeBias
Event: 74.466 Executing VM operation: BulkRevokeBias done


Dynamic libraries:
0x000000013fe00000 - 0x000000013fe37000 	C:\Program Files\Java\jre1.8.0_161\bin\javaw.exe
0x0000000076ec0000 - 0x000000007706a000 	C:\Windows\SYSTEM32\ntdll.dll
0x0000000076ca0000 - 0x0000000076dbf000 	C:\Windows\system32\kernel32.dll
0x000007fefcc20000 - 0x000007fefcc8a000 	C:\Windows\system32\KERNELBASE.dll
0x000007fefd570000 - 0x000007fefd64b000 	C:\Windows\system32\ADVAPI32.dll
0x000007fefd720000 - 0x000007fefd7bf000 	C:\Windows\system32\msvcrt.dll
0x000007fefe710000 - 0x000007fefe72f000 	C:\Windows\SYSTEM32\sechost.dll
0x000007fefe9e0000 - 0x000007fefeb0d000 	C:\Windows\system32\RPCRT4.dll
0x0000000076dc0000 - 0x0000000076eba000 	C:\Windows\system32\USER32.dll
0x000007fefd650000 - 0x000007fefd6b7000 	C:\Windows\system32\GDI32.dll
0x000007fefd1c0000 - 0x000007fefd1ce000 	C:\Windows\system32\LPK.dll
0x000007fefe910000 - 0x000007fefe9da000 	C:\Windows\system32\USP10.dll
0x000007fefb7a0000 - 0x000007fefb994000 	C:\Windows\WinSxS\amd64_microsoft.windows.common-controls_6595b64144ccf1df_6.0.7601.18837_none_fa3b1e3d17594757\COMCTL32.dll
0x000007fefd7c0000 - 0x000007fefd831000 	C:\Windows\system32\SHLWAPI.dll
0x000007feff1a0000 - 0x000007feff1ce000 	C:\Windows\system32\IMM32.DLL
0x000007fefd1f0000 - 0x000007fefd2f9000 	C:\Windows\system32\MSCTF.dll
0x0000000069ce0000 - 0x0000000069db2000 	C:\Program Files\Java\jre1.8.0_161\bin\msvcr100.dll
0x0000000069dc0000 - 0x000000006a65f000 	C:\Program Files\Java\jre1.8.0_161\bin\server\jvm.dll
0x000007fef81f0000 - 0x000007fef81f9000 	C:\Windows\system32\WSOCK32.dll
0x000007fefd6c0000 - 0x000007fefd70d000 	C:\Windows\system32\WS2_32.dll
0x000007fefd710000 - 0x000007fefd718000 	C:\Windows\system32\NSI.dll
0x000007fef9860000 - 0x000007fef989b000 	C:\Windows\system32\WINMM.dll
0x000007fefbc90000 - 0x000007fefbc9c000 	C:\Windows\system32\VERSION.dll
0x0000000077090000 - 0x0000000077097000 	C:\Windows\system32\PSAPI.DLL
0x000000006fb80000 - 0x000000006fb8f000 	C:\Program Files\Java\jre1.8.0_161\bin\verify.dll
0x000000006fa90000 - 0x000000006fab9000 	C:\Program Files\Java\jre1.8.0_161\bin\java.dll
0x000000006fa70000 - 0x000000006fa86000 	C:\Program Files\Java\jre1.8.0_161\bin\zip.dll
0x000007fefd840000 - 0x000007fefe5ca000 	C:\Windows\system32\SHELL32.dll
0x000007fefd360000 - 0x000007fefd563000 	C:\Windows\system32\ole32.dll
0x000007fefcc00000 - 0x000007fefcc0f000 	C:\Windows\system32\profapi.dll
0x000000006b5a0000 - 0x000000006b738000 	C:\Program Files\Java\jre1.8.0_161\bin\awt.dll
0x000007fefedf0000 - 0x000007fefeeca000 	C:\Windows\system32\OLEAUT32.dll
0x000007fefb420000 - 0x000007fefb476000 	C:\Windows\system32\uxtheme.dll
0x000007fefaff0000 - 0x000007fefb008000 	C:\Windows\system32\dwmapi.dll
0x000007fefca50000 - 0x000007fefca5f000 	C:\Windows\system32\CRYPTBASE.dll
0x000007feec2b0000 - 0x000007feec3cd000 	C:\Windows\system32\opengl32.dll
0x000007feec9c0000 - 0x000007feec9ed000 	C:\Windows\system32\GLU32.dll
0x000007feea450000 - 0x000007feea541000 	C:\Windows\system32\DDRAW.dll
0x000007fef3a40000 - 0x000007fef3a48000 	C:\Windows\system32\DCIMAN32.dll
0x000007fefe730000 - 0x000007fefe907000 	C:\Windows\system32\SETUPAPI.dll
0x000007fefcc90000 - 0x000007fefccc6000 	C:\Windows\system32\CFGMGR32.dll
0x000007fefcf20000 - 0x000007fefcf3a000 	C:\Windows\system32\DEVOBJ.dll
0x000000006f670000 - 0x000000006f6a1000 	C:\Program Files\Java\jre1.8.0_161\bin\jpeg.dll
0x000000006f6b0000 - 0x000000006f6f7000 	C:\Program Files\Java\jre1.8.0_161\bin\fontmanager.dll
0x000000006fa50000 - 0x000000006fa6a000 	C:\Program Files\Java\jre1.8.0_161\bin\net.dll
0x000007fefc390000 - 0x000007fefc3e5000 	C:\Windows\system32\mswsock.dll
0x000007fefc380000 - 0x000007fefc387000 	C:\Windows\System32\wship6.dll
0x000000006fa30000 - 0x000000006fa41000 	C:\Program Files\Java\jre1.8.0_161\bin\nio.dll
0x000000006ec60000 - 0x000000006eca2000 	C:\Program Files\Java\jre1.8.0_161\bin\t2k.dll
0x000007fefe5d0000 - 0x000007fefe669000 	C:\Windows\system32\CLBCatQ.DLL
0x000007fefbd60000 - 0x000007fefbd67000 	C:\Windows\System32\wshtcpip.dll
0x000007fefc210000 - 0x000007fefc26b000 	C:\Windows\system32\DNSAPI.dll
0x000007fef98d0000 - 0x000007fef98ff000 	C:\Program Files\Common Files\Microsoft Shared\Windows Live\WLIDNSP.DLL
0x000007fefa260000 - 0x000007fefa287000 	C:\Windows\system32\IPHLPAPI.DLL
0x000007fefa250000 - 0x000007fefa25b000 	C:\Windows\system32\WINNSI.DLL
0x000007fef98c0000 - 0x000007fef98c8000 	C:\Windows\system32\rasadhlp.dll
0x000007fefa110000 - 0x000007fefa163000 	C:\Windows\System32\fwpuclnt.dll
0x000007fefae10000 - 0x000007fefaf71000 	C:\Windows\system32\WindowsCodecs.dll
0x000007fefc9f0000 - 0x000007fefca47000 	C:\Windows\system32\apphelp.dll
0x000007fef67d0000 - 0x000007fef6805000 	C:\Windows\system32\EhStorShell.dll
0x000007fefb620000 - 0x000007fefb74c000 	C:\Windows\system32\PROPSYS.dll
0x000007fef6f60000 - 0x000007fef75cf000 	C:\PROGRA~1\MICROS~2\Office14\GROOVEEX.DLL
0x00000000748d0000 - 0x000000007496d000 	C:\Windows\WinSxS\amd64_microsoft.vc90.crt_1fc8b3b9a1e18e3b_9.0.30729.4940_none_08e4299fa83d7e3c\MSVCR90.dll
0x00000000747f0000 - 0x00000000748c3000 	C:\Windows\WinSxS\amd64_microsoft.vc90.crt_1fc8b3b9a1e18e3b_9.0.30729.4940_none_08e4299fa83d7e3c\MSVCP90.dll
0x0000000074790000 - 0x00000000747bf000 	C:\Windows\WinSxS\amd64_microsoft.vc90.atl_1fc8b3b9a1e18e3b_9.0.30729.4148_none_0a1d2fcba76b3f00\ATL90.DLL
0x000007fef5330000 - 0x000007fef574a000 	C:\PROGRA~1\COMMON~1\MICROS~1\OFFICE14\Cultures\office.odf
0x000007fef4ab0000 - 0x000007fef532b000 	C:\PROGRA~1\MICROS~2\Office14\1046\GrooveIntlResource.dll
0x000007fef6d00000 - 0x000007fef6d7e000 	C:\Windows\System32\cscui.dll
0x000007fefb770000 - 0x000007fefb77c000 	C:\Windows\System32\CSCDLL.dll
0x000007fef96b0000 - 0x000007fef96bf000 	C:\Windows\system32\CSCAPI.dll
0x000007fef6c80000 - 0x000007fef6d00000 	C:\Windows\system32\ntshrui.dll
0x000007fefc690000 - 0x000007fefc6b3000 	C:\Windows\system32\srvcli.dll
0x000007fefa4d0000 - 0x000007fefa4db000 	C:\Windows\system32\slc.dll

VM Arguments:
jvm_args: -Dfile.encoding=Cp1252 
java_command: br.com.controle.imobiliario.view.Entrar
java_class_path (initial): C:\Users\Informatica01\workspace\ControleImobiliario\bin;D:\Documentos\Desktop\Driver POSTGRESQL\postgresql-9.4-1201.jdbc4.jar;D:\Documentos\Desktop\JCalendar\jcalendar-1.4.jar;D:\Documentos\Desktop\JCalendar\jgoodies-common-1.2.0.jar;D:\Documentos\Desktop\JCalendar\jgoodies-looks-2.4.1.jar;D:\Documentos\Desktop\JCalendar\junit-4.6.jar
Launcher Type: SUN_STANDARD

Environment Variables:
JAVA_HOME=C:\Program Files\Java\jre1.8.0_31
CLASSPATH=.;JAVA_HOME
PATH=C:/Program Files/Java/jre1.8.0_161/bin/server;C:/Program Files/Java/jre1.8.0_161/bin;C:/Program Files/Java/jre1.8.0_161/lib/amd64;C:\ProgramData\Oracle\Java\javapath;C:\Oracle\product\11.2.0\client_1\bin;C:\Program Files\Common Files\Microsoft Shared\Windows Live;C:\Program Files (x86)\Common Files\Microsoft Shared\Windows Live;C:\Windows\system32;C:\Windows;C:\Windows\System32\Wbem;C:\Windows\System32\WindowsPowerShell\v1.0\;C:\Program Files (x86)\Microsoft SQL Server\100\Tools\Binn\;C:\Program Files\Microsoft SQL Server\100\Tools\Binn\;C:\Program Files\Microsoft SQL Server\100\DTS\Binn\;C:\Program Files\Java\jdk1.8.0_31\bin;C:\Program Files (x86)\Windows Live\Shared;C:\Program Files (x86)\Spiceworks\Nmap;C:\Program Files (x86)\Spiceworks\Nmap;D:\Documentos\Desktop\eclipse\eclipse;
USERNAME=Informatica01
OS=Windows_NT
PROCESSOR_IDENTIFIER=Intel64 Family 6 Model 42 Stepping 7, GenuineIntel



---------------  S Y S T E M  ---------------

OS: Windows 7 , 64 bit Build 7601 (6.1.7601.23539)

CPU:total 4 (initial active 4) (2 cores per cpu, 2 threads per core) family 6 model 42 stepping 7, cmov, cx8, fxsr, mmx, sse, sse2, sse3, ssse3, sse4.1, sse4.2, popcnt, avx, clmul, ht, tsc, tscinvbit

Memory: 4k page, physical 4104836k(517964k free), swap 4102976k(4600k free)

vm_info: Java HotSpot(TM) 64-Bit Server VM (25.161-b12) for windows-amd64 JRE (1.8.0_161-b12), built on Dec 19 2017 17:52:25 by "java_re" with MS VC++ 10.0 (VS2010)

time: Wed Apr 24 07:59:54 2019
elapsed time: 136 seconds (0d 0h 2m 16s)

