#
# There is insufficient memory for the Java Runtime Environment to continue.
# Native memory allocation (malloc) failed to allocate 36256 bytes for Chunk::new
# Possible reasons:
#   The system is out of physical RAM or swap space
#   In 32 bit mode, the process size limit was hit
# Possible solutions:
#   Reduce memory load on the system
#   Increase physical memory or swap space
#   Check if swap backing store is full
#   Use 64 bit Java on a 64 bit OS
#   Decrease Java heap size (-Xmx/-Xms)
#   Decrease number of Java threads
#   Decrease Java thread stack sizes (-Xss)
#   Set larger code cache with -XX:ReservedCodeCacheSize=
# This output file may be truncated or incomplete.
#
#  Out of Memory Error (allocation.cpp:390), pid=6204, tid=0x00000000000012b4
#
# JRE version: Java(TM) SE Runtime Environment (8.0_161-b12) (build 1.8.0_161-b12)
# Java VM: Java HotSpot(TM) 64-Bit Server VM (25.161-b12 mixed mode windows-amd64 compressed oops)
# Failed to write core dump. Minidumps are not enabled by default on client versions of Windows
#

---------------  T H R E A D  ---------------

Current thread (0x0000000054e36000):  JavaThread "C2 CompilerThread0" daemon [_thread_in_native, id=4788, stack(0x0000000056130000,0x0000000056230000)]

Stack: [0x0000000056130000,0x0000000056230000]
[error occurred during error reporting (printing stack bounds), id 0xc0000005]

Native frames: (J=compiled Java code, j=interpreted, Vv=VM code, C=native code)


Current CompileTask:
C2:    212  188       4       jdk.internal.org.objectweb.asm.ByteVector::putUTF8 (142 bytes)


---------------  P R O C E S S  ---------------

Java Threads: ( => current thread )
  0x000000005640a000 JavaThread "Service Thread" daemon [_thread_blocked, id=8620, stack(0x0000000056ca0000,0x0000000056da0000)]
  0x0000000056384800 JavaThread "C1 CompilerThread2" daemon [_thread_in_vm, id=6284, stack(0x0000000056a40000,0x0000000056b40000)]
  0x0000000056383000 JavaThread "C2 CompilerThread1" daemon [_thread_blocked, id=3796, stack(0x00000000568d0000,0x00000000569d0000)]
=>0x0000000054e36000 JavaThread "C2 CompilerThread0" daemon [_thread_in_native, id=4788, stack(0x0000000056130000,0x0000000056230000)]
  0x0000000054e33800 JavaThread "Attach Listener" daemon [_thread_blocked, id=5636, stack(0x0000000056270000,0x0000000056370000)]
  0x0000000054e30000 JavaThread "Signal Dispatcher" daemon [_thread_blocked, id=7144, stack(0x0000000055da0000,0x0000000055ea0000)]
  0x0000000054e1a000 JavaThread "Finalizer" daemon [_thread_blocked, id=8736, stack(0x0000000056030000,0x0000000056130000)]
  0x0000000054dd2800 JavaThread "Reference Handler" daemon [_thread_blocked, id=8000, stack(0x0000000055f00000,0x0000000056000000)]
  0x0000000001eee800 JavaThread "main" [_thread_blocked, id=9156, stack(0x0000000001f30000,0x0000000002030000)]

Other Threads:
  0x0000000054dcb000 VMThread [stack: 0x0000000055c20000,0x0000000055d20000] [id=5484]
  0x0000000056410800 WatcherThread [stack: 0x0000000056b50000,0x0000000056c50000] [id=2664]

VM state:not at safepoint (normal execution)

VM Mutex/Monitor currently owned by a thread:  ([mutex/lock_event])
[0x0000000001eec0d0] CodeCache_lock - owner thread: 0x0000000056384800
[0x0000000001eed780] Compile_lock - owner thread: 0x0000000056384800
[0x0000000001eed880] MethodCompileQueue_lock - owner thread: 0x0000000056384800

Heap:
 PSYoungGen      total 18944K, used 1966K [0x00000000eb180000, 0x00000000ec680000, 0x0000000100000000)
  eden space 16384K, 12% used [0x00000000eb180000,0x00000000eb36b928,0x00000000ec180000)
  from space 2560K, 0% used [0x00000000ec400000,0x00000000ec400000,0x00000000ec680000)
  to   space 2560K, 0% used [0x00000000ec180000,0x00000000ec180000,0x00000000ec400000)
 ParOldGen       total 44032K, used 0K [0x00000000c1400000, 0x00000000c3f00000, 0x00000000eb180000)
  object space 44032K, 0% used [0x00000000c1400000,0x00000000c1400000,0x00000000c3f00000)
 Metaspace       used 4135K, capacity 4706K, committed 4992K, reserved 1056768K
  class space    used 490K, capacity 546K, committed 640K, reserved 1048576K

Card table byte_map: [0x00000000117a0000,0x00000000119a0000] byte_map_base: 0x0000000011196000

Marking Bits: (ParMarkBitMap*) 0x000000006832f860
 Begin Bits: [0x00000000122e0000, 0x0000000013290000)
 End Bits:   [0x0000000013290000, 0x0000000014240000)

Polling page: 0x0000000000090000

CodeCache: size=245760Kb used=1435Kb max_used=1435Kb free=244324Kb
 bounds [0x00000000023e0000, 0x0000000002650000, 0x00000000113e0000]
 total_blobs=457 nmethods=192 adapters=177
 compilation: enabled

Compilation events (10 events):
Event: 0.192 Thread 0x0000000056384800  176       3       jdk.internal.org.objectweb.asm.Frame::execute (2252 bytes)
Event: 0.197 Thread 0x0000000056384800 nmethod 176 0x0000000002535490 code [0x0000000002536220, 0x000000000253b898]
Event: 0.197 Thread 0x0000000056384800  171       3       jdk.internal.org.objectweb.asm.Item::isEqualTo (354 bytes)
Event: 0.197 Thread 0x0000000054e36000  188       4       jdk.internal.org.objectweb.asm.ByteVector::putUTF8 (142 bytes)
Event: 0.197 Thread 0x0000000056384800 nmethod 171 0x000000000253ec50 code [0x000000000253ee80, 0x000000000253fb28]
Event: 0.197 Thread 0x0000000056384800  177       3       java.lang.invoke.MethodType::makeImpl (66 bytes)
Event: 0.198 Thread 0x0000000056384800 nmethod 177 0x0000000002540310 code [0x0000000002540500, 0x0000000002540d48]
Event: 0.198 Thread 0x0000000056384800  190       3       java.lang.invoke.LambdaForm$NamedFunction::methodType (23 bytes)
Event: 0.198 Thread 0x0000000056384800 nmethod 190 0x0000000002541090 code [0x0000000002541200, 0x00000000025414e8]
Event: 0.198 Thread 0x0000000056384800  185       3       java.lang.invoke.MethodType$ConcurrentWeakInternSet::get (54 bytes)

GC Heap History (0 events):
No events

Deoptimization events (0 events):
No events

Classes redefined (0 events):
No events

Internal exceptions (9 events):
Event: 0.059 Thread 0x0000000001eee800 Exception <a 'java/lang/NoSuchMethodError': Method sun.misc.Unsafe.defineClass(Ljava/lang/String;[BII)Ljava/lang/Class; name or signature does not match> (0x00000000eb187ca0) thrown at [C:\re\workspace\8-2-build-windows-amd64-cygwin\jdk8u161\10277\hotspot
Event: 0.059 Thread 0x0000000001eee800 Exception <a 'java/lang/NoSuchMethodError': Method sun.misc.Unsafe.prefetchRead(Ljava/lang/Object;J)V name or signature does not match> (0x00000000eb187f88) thrown at [C:\re\workspace\8-2-build-windows-amd64-cygwin\jdk8u161\10277\hotspot\src\share\vm\prim
Event: 0.149 Thread 0x0000000001eee800 Exception <a 'java/security/PrivilegedActionException'> (0x00000000eb216998) thrown at [C:\re\workspace\8-2-build-windows-amd64-cygwin\jdk8u161\10277\hotspot\src\share\vm\prims\jvm.cpp, line 1390]
Event: 0.149 Thread 0x0000000001eee800 Exception <a 'java/security/PrivilegedActionException'> (0x00000000eb216ba8) thrown at [C:\re\workspace\8-2-build-windows-amd64-cygwin\jdk8u161\10277\hotspot\src\share\vm\prims\jvm.cpp, line 1390]
Event: 0.150 Thread 0x0000000001eee800 Exception <a 'java/security/PrivilegedActionException'> (0x00000000eb21a818) thrown at [C:\re\workspace\8-2-build-windows-amd64-cygwin\jdk8u161\10277\hotspot\src\share\vm\prims\jvm.cpp, line 1390]
Event: 0.150 Thread 0x0000000001eee800 Exception <a 'java/security/PrivilegedActionException'> (0x00000000eb21aa28) thrown at [C:\re\workspace\8-2-build-windows-amd64-cygwin\jdk8u161\10277\hotspot\src\share\vm\prims\jvm.cpp, line 1390]
Event: 0.155 Thread 0x0000000001eee800 Exception <a 'java/io/FileNotFoundException'> (0x00000000eb223518) thrown at [C:\re\workspace\8-2-build-windows-amd64-cygwin\jdk8u161\10277\hotspot\src\share\vm\prims\jni.cpp, line 709]
Event: 0.195 Thread 0x0000000001eee800 Exception <a 'java/lang/NoSuchFieldError': method resolution failed> (0x00000000eb346ce8) thrown at [C:\re\workspace\8-2-build-windows-amd64-cygwin\jdk8u161\10277\hotspot\src\share\vm\prims\methodHandles.cpp, line 1167]
Event: 0.198 Thread 0x0000000001eee800 Exception <a 'java/lang/NoSuchFieldError': method resolution failed> (0x00000000eb3540b8) thrown at [C:\re\workspace\8-2-build-windows-amd64-cygwin\jdk8u161\10277\hotspot\src\share\vm\prims\methodHandles.cpp, line 1167]

Events (10 events):
Event: 0.179 loading class java/lang/invoke/WrongMethodTypeException
Event: 0.179 loading class java/lang/invoke/WrongMethodTypeException done
Event: 0.181 loading class java/lang/invoke/MethodHandleImpl$Lazy
Event: 0.181 loading class java/lang/invoke/MethodHandleImpl$Lazy done
Event: 0.181 loading class java/lang/invoke/MethodHandleImpl$IntrinsicMethodHandle
Event: 0.181 loading class java/lang/invoke/MethodHandleImpl$IntrinsicMethodHandle done
Event: 0.195 loading class java/lang/NoSuchFieldError
Event: 0.195 loading class java/lang/NoSuchFieldError done
Event: 0.196 loading class java/lang/IllegalAccessException
Event: 0.196 loading class java/lang/IllegalAccessException done


Dynamic libraries:
0x000000013fb60000 - 0x000000013fb97000 	C:\Program Files\Java\jre1.8.0_161\bin\javaw.exe
0x00000000774a0000 - 0x000000007764a000 	C:\Windows\SYSTEM32\ntdll.dll
0x0000000077380000 - 0x000000007749f000 	C:\Windows\system32\kernel32.dll
0x000007fefd520000 - 0x000007fefd58a000 	C:\Windows\system32\KERNELBASE.dll
0x000007fefe2a0000 - 0x000007fefe37b000 	C:\Windows\system32\ADVAPI32.dll
0x000007fefe640000 - 0x000007fefe6df000 	C:\Windows\system32\msvcrt.dll
0x000007fefd5b0000 - 0x000007fefd5cf000 	C:\Windows\SYSTEM32\sechost.dll
0x000007fefe4a0000 - 0x000007fefe5cd000 	C:\Windows\system32\RPCRT4.dll
0x0000000077280000 - 0x000000007737a000 	C:\Windows\system32\USER32.dll
0x000007fefe5d0000 - 0x000007fefe637000 	C:\Windows\system32\GDI32.dll
0x000007fefd720000 - 0x000007fefd72e000 	C:\Windows\system32\LPK.dll
0x000007fefd620000 - 0x000007fefd6ea000 	C:\Windows\system32\USP10.dll
0x000007fefbbe0000 - 0x000007fefbdd4000 	C:\Windows\WinSxS\amd64_microsoft.windows.common-controls_6595b64144ccf1df_6.0.7601.18837_none_fa3b1e3d17594757\COMCTL32.dll
0x000007fefe9a0000 - 0x000007fefea11000 	C:\Windows\system32\SHLWAPI.dll
0x000007fefd6f0000 - 0x000007fefd71e000 	C:\Windows\system32\IMM32.DLL
0x000007fefd730000 - 0x000007fefd839000 	C:\Windows\system32\MSCTF.dll
0x0000000065c50000 - 0x0000000065d22000 	C:\Program Files\Java\jre1.8.0_161\bin\msvcr100.dll
0x0000000067b10000 - 0x00000000683af000 	C:\Program Files\Java\jre1.8.0_161\bin\server\jvm.dll
0x000007fef8880000 - 0x000007fef8889000 	C:\Windows\system32\WSOCK32.dll
0x000007fefd5d0000 - 0x000007fefd61d000 	C:\Windows\system32\WS2_32.dll
0x000007fefd8e0000 - 0x000007fefd8e8000 	C:\Windows\system32\NSI.dll
0x000007fef8820000 - 0x000007fef885b000 	C:\Windows\system32\WINMM.dll
0x000007fefc270000 - 0x000007fefc27c000 	C:\Windows\system32\VERSION.dll
0x0000000077660000 - 0x0000000077667000 	C:\Windows\system32\PSAPI.DLL
0x0000000074000000 - 0x000000007400f000 	C:\Program Files\Java\jre1.8.0_161\bin\verify.dll
0x0000000073fd0000 - 0x0000000073ff9000 	C:\Program Files\Java\jre1.8.0_161\bin\java.dll
0x0000000073fb0000 - 0x0000000073fc6000 	C:\Program Files\Java\jre1.8.0_161\bin\zip.dll
0x000007fefea20000 - 0x000007feff7aa000 	C:\Windows\system32\SHELL32.dll
0x000007fefdc20000 - 0x000007fefde23000 	C:\Windows\system32\ole32.dll
0x000007fefd1e0000 - 0x000007fefd1ef000 	C:\Windows\system32\profapi.dll
0x0000000066db0000 - 0x0000000066f48000 	C:\Program Files\Java\jre1.8.0_161\bin\awt.dll
0x000007fefe8c0000 - 0x000007fefe99a000 	C:\Windows\system32\OLEAUT32.dll

VM Arguments:
jvm_args: -Dfile.encoding=Cp1252 
java_command: br.com.controle.imobiliario.view.Login
java_class_path (initial): C:\Users\Informatica01\workspace\ControleImobiliario\bin;D:\Documentos\Desktop\Driver POSTGRESQL\postgresql-9.4-1201.jdbc4.jar
Launcher Type: SUN_STANDARD

Environment Variables:



---------------  S Y S T E M  ---------------

OS:Failed to allocate version_info

CPU:total 4 (initial active 4) (2 cores per cpu, 2 threads per core) family 6 model 42 stepping 7, cmov, cx8, fxsr, mmx, sse, sse2, sse3, ssse3, sse4.1, sse4.2, popcnt, avx, clmul, ht, tsc, tscinvbit

Memory: 4k page, physical 4104836k(517228k free), swap 4417748k(5100k free)

vm_info: Java HotSpot(TM) 64-Bit Server VM (25.161-b12) for windows-amd64 JRE (1.8.0_161-b12), built on Dec 19 2017 17:52:25 by "java_re" with MS VC++ 10.0 (VS2010)

time: Thu Mar 28 15:40:05 2019
elapsed time: 0 seconds (0d 0h 0m 0s)

