#
# There is insufficient memory for the Java Runtime Environment to continue.
# Native memory allocation (malloc) failed to allocate 32744 bytes for ChunkPool::allocate
# Possible reasons:
#   The system is out of physical RAM or swap space
#   The process is running with CompressedOops enabled, and the Java Heap may be blocking the growth of the native heap
# Possible solutions:
#   Reduce memory load on the system
#   Increase physical memory or swap space
#   Check if swap backing store is full
#   Decrease Java heap size (-Xmx/-Xms)
#   Decrease number of Java threads
#   Decrease Java thread stack sizes (-Xss)
#   Set larger code cache with -XX:ReservedCodeCacheSize=
#   JVM is running with Unscaled Compressed Oops mode in which the Java heap is
#     placed in the first 4GB address space. The Java Heap base address is the
#     maximum limit for the native heap growth. Please use -XX:HeapBaseMinAddress
#     to set the Java Heap base and to place the Java Heap above 4GB virtual address.
# This output file may be truncated or incomplete.
#
#  Out of Memory Error (allocation.cpp:272), pid=5568, tid=0x00000000000012c4
#
# JRE version: Java(TM) SE Runtime Environment (8.0_211-b12) (build 1.8.0_211-b12)
# Java VM: Java HotSpot(TM) 64-Bit Server VM (25.211-b12 mixed mode windows-amd64 compressed oops)
# Failed to write core dump. Minidumps are not enabled by default on client versions of Windows
#

---------------  T H R E A D  ---------------

Current thread (0x0000000056668000):  JavaThread "C1 CompilerThread2" daemon [_thread_in_native, id=4804, stack(0x0000000056c60000,0x0000000056d60000)]

Stack: [0x0000000056c60000,0x0000000056d60000]
[error occurred during error reporting (printing stack bounds), id 0xc0000005]

Native frames: (J=compiled Java code, j=interpreted, Vv=VM code, C=native code)


Current CompileTask:
C1:    236  164       3       jdk.internal.org.objectweb.asm.Frame::execute (2252 bytes)


---------------  P R O C E S S  ---------------

Java Threads: ( => current thread )
  0x00000000566ea800 JavaThread "Service Thread" daemon [_thread_blocked, id=536, stack(0x0000000056db0000,0x0000000056eb0000)]
=>0x0000000056668000 JavaThread "C1 CompilerThread2" daemon [_thread_in_native, id=4804, stack(0x0000000056c60000,0x0000000056d60000)]
  0x0000000056665000 JavaThread "C2 CompilerThread1" daemon [_thread_blocked, id=4904, stack(0x0000000056ae0000,0x0000000056be0000)]
  0x0000000054da6800 JavaThread "C2 CompilerThread0" daemon [_thread_blocked, id=6200, stack(0x0000000056560000,0x0000000056660000)]
  0x0000000054da4000 JavaThread "Attach Listener" daemon [_thread_blocked, id=6252, stack(0x00000000563b0000,0x00000000564b0000)]
  0x0000000054da9000 JavaThread "Signal Dispatcher" daemon [_thread_blocked, id=5604, stack(0x00000000560c0000,0x00000000561c0000)]
  0x0000000054d8a800 JavaThread "Finalizer" daemon [_thread_blocked, id=6272, stack(0x0000000055cd0000,0x0000000055dd0000)]
  0x0000000054d43000 JavaThread "Reference Handler" daemon [_thread_blocked, id=2036, stack(0x0000000055e30000,0x0000000055f30000)]
  0x0000000001ebf000 JavaThread "main" [_thread_in_vm, id=4704, stack(0x0000000002150000,0x0000000002250000)]

Other Threads:
  0x0000000054d3b800 VMThread [stack: 0x0000000055ba0000,0x0000000055ca0000] [id=6060]
  0x0000000056700800 WatcherThread [stack: 0x0000000056260000,0x0000000056360000] [id=4952]

VM state:not at safepoint (normal execution)

VM Mutex/Monitor currently owned by a thread: None

heap address: 0x00000000c1400000, size: 1004 MB, Compressed Oops mode: 32-bit
Narrow klass base: 0x0000000000000000, Narrow klass shift: 0
Compressed class space size: 1073741824 Address: 0x00000000143b0000

Heap:
 PSYoungGen      total 18944K, used 1977K [0x00000000eb180000, 0x00000000ec680000, 0x0000000100000000)
  eden space 16384K, 12% used [0x00000000eb180000,0x00000000eb36e4d8,0x00000000ec180000)
  from space 2560K, 0% used [0x00000000ec400000,0x00000000ec400000,0x00000000ec680000)
  to   space 2560K, 0% used [0x00000000ec180000,0x00000000ec180000,0x00000000ec400000)
 ParOldGen       total 44032K, used 0K [0x00000000c1400000, 0x00000000c3f00000, 0x00000000eb180000)
  object space 44032K, 0% used [0x00000000c1400000,0x00000000c1400000,0x00000000c3f00000)
 Metaspace       used 4124K, capacity 4696K, committed 4992K, reserved 1056768K
  class space    used 485K, capacity 541K, committed 640K, reserved 1048576K

Card table byte_map: [0x00000000118e0000,0x0000000011ae0000] byte_map_base: 0x00000000112d6000

Marking Bits: (ParMarkBitMap*) 0x000000006a7c5ce0
 Begin Bits: [0x0000000012250000, 0x0000000013200000)
 End Bits:   [0x0000000013200000, 0x00000000141b0000)

Polling page: 0x0000000000100000

CodeCache: size=245760Kb used=1324Kb max_used=1334Kb free=244435Kb
 bounds [0x0000000002520000, 0x0000000002790000, 0x0000000011520000]
 total_blobs=434 nmethods=170 adapters=177
 compilation: enabled

Compilation events (10 events):
Event: 0.183 Thread 0x0000000056668000 nmethod 156 0x00000000026682d0 code [0x0000000002668420, 0x0000000002668530]
Event: 0.183 Thread 0x0000000056668000  159       3       java.lang.invoke.LambdaForm$NamedFunction::methodType (23 bytes)
Event: 0.183 Thread 0x0000000056668000 nmethod 159 0x0000000002668590 code [0x0000000002668700, 0x00000000026689e8]
Event: 0.183 Thread 0x0000000056668000  160       3       jdk.internal.org.objectweb.asm.Item::isEqualTo (354 bytes)
Event: 0.184 Thread 0x0000000054da6800  165       4       java.lang.String::indexOf (70 bytes)
Event: 0.184 Thread 0x0000000056668000 nmethod 160 0x0000000002668dd0 code [0x0000000002669000, 0x0000000002669ca8]
Event: 0.184 Thread 0x0000000056668000  161       3       jdk.internal.org.objectweb.asm.ClassWriter::addType (39 bytes)
Event: 0.184 Thread 0x0000000056668000 nmethod 161 0x000000000266a090 code [0x000000000266a220, 0x000000000266a508]
Event: 0.184 Thread 0x0000000056668000  164       3       jdk.internal.org.objectweb.asm.Frame::execute (2252 bytes)
Event: 0.186 Thread 0x0000000054da6800 nmethod 165 0x000000000266d890 code [0x000000000266d9e0, 0x000000000266db78]

GC Heap History (0 events):
No events

Deoptimization events (0 events):
No events

Classes redefined (0 events):
No events

Internal exceptions (7 events):
Event: 0.048 Thread 0x0000000001ebf000 Exception <a 'java/lang/NoSuchMethodError': Method sun.misc.Unsafe.defineClass(Ljava/lang/String;[BII)Ljava/lang/Class; name or signature does not match> (0x00000000eb187cb0) thrown at [C:\re\workspace\8-2-build-windows-amd64-cygwin\jdk8u211\12973\hotspot
Event: 0.048 Thread 0x0000000001ebf000 Exception <a 'java/lang/NoSuchMethodError': Method sun.misc.Unsafe.prefetchRead(Ljava/lang/Object;J)V name or signature does not match> (0x00000000eb187f98) thrown at [C:\re\workspace\8-2-build-windows-amd64-cygwin\jdk8u211\12973\hotspot\src\share\vm\prim
Event: 0.130 Thread 0x0000000001ebf000 Exception <a 'java/security/PrivilegedActionException'> (0x00000000eb20ad10) thrown at [C:\re\workspace\8-2-build-windows-amd64-cygwin\jdk8u211\12973\hotspot\src\share\vm\prims\jvm.cpp, line 1502]
Event: 0.131 Thread 0x0000000001ebf000 Exception <a 'java/security/PrivilegedActionException'> (0x00000000eb20af20) thrown at [C:\re\workspace\8-2-build-windows-amd64-cygwin\jdk8u211\12973\hotspot\src\share\vm\prims\jvm.cpp, line 1502]
Event: 0.131 Thread 0x0000000001ebf000 Exception <a 'java/security/PrivilegedActionException'> (0x00000000eb20eb90) thrown at [C:\re\workspace\8-2-build-windows-amd64-cygwin\jdk8u211\12973\hotspot\src\share\vm\prims\jvm.cpp, line 1502]
Event: 0.131 Thread 0x0000000001ebf000 Exception <a 'java/security/PrivilegedActionException'> (0x00000000eb20eda0) thrown at [C:\re\workspace\8-2-build-windows-amd64-cygwin\jdk8u211\12973\hotspot\src\share\vm\prims\jvm.cpp, line 1502]
Event: 0.145 Thread 0x0000000001ebf000 Exception <a 'java/io/FileNotFoundException'> (0x00000000eb288bf8) thrown at [C:\re\workspace\8-2-build-windows-amd64-cygwin\jdk8u211\12973\hotspot\src\share\vm\prims\jni.cpp, line 710]

Events (10 events):
Event: 0.173 loading class java/lang/invoke/MethodHandleImpl$AsVarargsCollector
Event: 0.173 loading class java/lang/invoke/DelegatingMethodHandle
Event: 0.173 loading class java/lang/invoke/DelegatingMethodHandle done
Event: 0.173 loading class java/lang/invoke/MethodHandleImpl$AsVarargsCollector done
Event: 0.173 loading class java/lang/invoke/WrongMethodTypeException
Event: 0.173 loading class java/lang/invoke/WrongMethodTypeException done
Event: 0.176 loading class java/lang/invoke/MethodHandleImpl$Lazy
Event: 0.176 loading class java/lang/invoke/MethodHandleImpl$Lazy done
Event: 0.176 loading class java/lang/invoke/MethodHandleImpl$IntrinsicMethodHandle
Event: 0.176 loading class java/lang/invoke/MethodHandleImpl$IntrinsicMethodHandle done


Dynamic libraries:
0x000000013f2d0000 - 0x000000013f307000 	C:\Program Files\Java\jre1.8.0_211\bin\javaw.exe
0x0000000076db0000 - 0x0000000076f5a000 	C:\Windows\SYSTEM32\ntdll.dll
0x0000000076b90000 - 0x0000000076caf000 	C:\Windows\system32\kernel32.dll
0x000007fefcbe0000 - 0x000007fefcc4a000 	C:\Windows\system32\KERNELBASE.dll
0x000007fefebd0000 - 0x000007fefecab000 	C:\Windows\system32\ADVAPI32.dll
0x000007fefef40000 - 0x000007fefefdf000 	C:\Windows\system32\msvcrt.dll
0x000007fefe9b0000 - 0x000007fefe9cf000 	C:\Windows\SYSTEM32\sechost.dll
0x000007fefe3b0000 - 0x000007fefe4dd000 	C:\Windows\system32\RPCRT4.dll
0x0000000076cb0000 - 0x0000000076daa000 	C:\Windows\system32\USER32.dll
0x000007fefcea0000 - 0x000007fefcf07000 	C:\Windows\system32\GDI32.dll
0x000007fefe6f0000 - 0x000007fefe6fe000 	C:\Windows\system32\LPK.dll
0x000007fefe580000 - 0x000007fefe64a000 	C:\Windows\system32\USP10.dll
0x000007fefad60000 - 0x000007fefaf54000 	C:\Windows\WinSxS\amd64_microsoft.windows.common-controls_6595b64144ccf1df_6.0.7601.18837_none_fa3b1e3d17594757\COMCTL32.dll
0x000007fefd270000 - 0x000007fefd2e1000 	C:\Windows\system32\SHLWAPI.dll
0x000007fefd1f0000 - 0x000007fefd21e000 	C:\Windows\system32\IMM32.DLL
0x000007fefe8a0000 - 0x000007fefe9a9000 	C:\Windows\system32\MSCTF.dll
0x000000006c6b0000 - 0x000000006c782000 	C:\Program Files\Java\jre1.8.0_211\bin\msvcr100.dll
0x0000000069fa0000 - 0x000000006a845000 	C:\Program Files\Java\jre1.8.0_211\bin\server\jvm.dll
0x000007fef85c0000 - 0x000007fef85c9000 	C:\Windows\system32\WSOCK32.dll
0x000007fefd220000 - 0x000007fefd26d000 	C:\Windows\system32\WS2_32.dll
0x000007fefe700000 - 0x000007fefe708000 	C:\Windows\system32\NSI.dll
0x000007fef8690000 - 0x000007fef86cb000 	C:\Windows\system32\WINMM.dll
0x000007fefbb80000 - 0x000007fefbb8c000 	C:\Windows\system32\VERSION.dll
0x0000000076f80000 - 0x0000000076f87000 	C:\Windows\system32\PSAPI.DLL
0x000007fefb620000 - 0x000007fefb62f000 	C:\Program Files\Java\jre1.8.0_211\bin\verify.dll
0x000007feefa80000 - 0x000007feefaa9000 	C:\Program Files\Java\jre1.8.0_211\bin\java.dll
0x000007fef9c20000 - 0x000007fef9c36000 	C:\Program Files\Java\jre1.8.0_211\bin\zip.dll
0x000007fefd620000 - 0x000007fefe3aa000 	C:\Windows\system32\SHELL32.dll
0x000007fefed30000 - 0x000007fefef33000 	C:\Windows\system32\ole32.dll
0x000007fefcaf0000 - 0x000007fefcaff000 	C:\Windows\system32\profapi.dll
0x000007feeb190000 - 0x000007feeb329000 	C:\Program Files\Java\jre1.8.0_211\bin\awt.dll
0x000007fefefe0000 - 0x000007feff0ba000 	C:\Windows\system32\OLEAUT32.dll

VM Arguments:
jvm_args: -Dfile.encoding=Cp1252 
java_command: br.com.controle.imobiliario.view.GerarCodigo
java_class_path (initial): C:\Users\Informatica01\workspace\ControleImobiliario\bin;D:\Documentos\Desktop\Driver POSTGRESQL\postgresql-9.4-1201.jdbc4.jar;C:\Users\Informatica01\workspace\ControleImobiliario\Biblioteca\commons-beanutils-1.8.2.jar;C:\Users\Informatica01\workspace\ControleImobiliario\Biblioteca\commons-collections-3.2.1.jar;C:\Users\Informatica01\workspace\ControleImobiliario\Biblioteca\commons-digester-2.1.jar;C:\Users\Informatica01\workspace\ControleImobiliario\Biblioteca\commons-logging-1.1.jar;C:\Users\Informatica01\workspace\ControleImobiliario\Biblioteca\groovy-all-2.0.1.jar;C:\Users\Informatica01\workspace\ControleImobiliario\Biblioteca\iText-2.1.7.js2.jar;C:\Users\Informatica01\workspace\ControleImobiliario\Biblioteca\jasperreports-5.6.0.jar;C:\Users\Informatica01\workspace\ControleImobiliario\Biblioteca\jasperreports-fonts-5.6.0.jar
Launcher Type: SUN_STANDARD

Environment Variables:
JAVA_HOME=C:\Program Files\Java\jre1.8.0_31
CLASSPATH=.;JAVA_HOME
PATH=C:/Program Files/Java/jre1.8.0_211/bin/server;C:/Program Files/Java/jre1.8.0_211/bin;C:/Program Files/Java/jre1.8.0_211/lib/amd64;C:\Program Files (x86)\Common Files\Oracle\Java\javapath;C:\ProgramData\Oracle\Java\javapath;C:\Oracle\product\11.2.0\client_1\bin;C:\Program Files\Common Files\Microsoft Shared\Windows Live;C:\Program Files (x86)\Common Files\Microsoft Shared\Windows Live;C:\Windows\system32;C:\Windows;C:\Windows\System32\Wbem;C:\Windows\System32\WindowsPowerShell\v1.0\;C:\Program Files (x86)\Microsoft SQL Server\100\Tools\Binn\;C:\Program Files\Microsoft SQL Server\100\Tools\Binn\;C:\Program Files\Microsoft SQL Server\100\DTS\Binn\;C:\Program Files\Java\jdk1.8.0_31\bin;C:\Program Files (x86)\Windows Live\Shared;C:\Program Files (x86)\Spiceworks\Nmap;C:\Program Files (x86)\Spiceworks\Nmap;D:\Documentos\Desktop\eclipse\eclipse;
USERNAME=Informatica01



---------------  S Y S T E M  ---------------

OS:Failed to allocate version_info

CPU:total 4 (initial active 4) (2 cores per cpu, 2 threads per core) family 6 model 42 stepping 7, cmov, cx8, fxsr, mmx, sse, sse2, sse3, ssse3, sse4.1, sse4.2, popcnt, avx, clmul, ht, tsc, tscinvbit

Memory: 4k page, physical 4104836k(784344k free), swap 4102976k(5120k free)

vm_info: Java HotSpot(TM) 64-Bit Server VM (25.211-b12) for windows-amd64 JRE (1.8.0_211-b12), built on Apr  1 2019 20:53:26 by "java_re" with MS VC++ 10.0 (VS2010)

time: Thu Aug 08 14:11:59 2019
timezone: Hora oficial do Brasil
elapsed time: 0 seconds (0d 0h 0m 0s)

