#
# There is insufficient memory for the Java Runtime Environment to continue.
# Native memory allocation (malloc) failed to allocate 186336 bytes for Chunk::new
# Possible reasons:
#   The system is out of physical RAM or swap space
#   In 32 bit mode, the process size limit was hit
# Possible solutions:
#   Reduce memory load on the system
#   Increase physical memory or swap space
#   Check if swap backing store is full
#   Use 64 bit Java on a 64 bit OS
#   Decrease Java heap size (-Xmx/-Xms)
#   Decrease number of Java threads
#   Decrease Java thread stack sizes (-Xss)
#   Set larger code cache with -XX:ReservedCodeCacheSize=
# This output file may be truncated or incomplete.
#
#  Out of Memory Error (allocation.cpp:390), pid=6896, tid=0x0000000000000358
#
# JRE version: Java(TM) SE Runtime Environment (8.0_161-b12) (build 1.8.0_161-b12)
# Java VM: Java HotSpot(TM) 64-Bit Server VM (25.161-b12 mixed mode windows-amd64 compressed oops)
# Failed to write core dump. Minidumps are not enabled by default on client versions of Windows
#

---------------  T H R E A D  ---------------

Current thread (0x0000000054d46000):  JavaThread "C2 CompilerThread0" daemon [_thread_in_native, id=856, stack(0x0000000055cd0000,0x0000000055dd0000)]

Stack: [0x0000000055cd0000,0x0000000055dd0000]
[error occurred during error reporting (printing stack bounds), id 0xc0000005]

Native frames: (J=compiled Java code, j=interpreted, Vv=VM code, C=native code)


Current CompileTask:
C2:   1264  898       4       sun.awt.image.PNGImageDecoder::filterRow (459 bytes)


---------------  P R O C E S S  ---------------

Java Threads: ( => current thread )
  0x00000000570ab800 JavaThread "Image Fetcher 0" daemon [_thread_in_vm, id=404, stack(0x0000000058a50000,0x0000000058b50000)]
  0x0000000057078800 JavaThread "TimerQueue" daemon [_thread_blocked, id=6124, stack(0x00000000588b0000,0x00000000589b0000)]
  0x000000000058f000 JavaThread "DestroyJavaVM" [_thread_blocked, id=6444, stack(0x00000000020d0000,0x00000000021d0000)]
  0x0000000056f05000 JavaThread "AWT-EventQueue-0" [_thread_blocked, id=7120, stack(0x0000000057c40000,0x0000000057d40000)]
  0x0000000056f03800 JavaThread "AWT-Windows" daemon [_thread_in_native, id=2440, stack(0x0000000057ac0000,0x0000000057bc0000)]
  0x0000000056f02000 JavaThread "AWT-Shutdown" [_thread_blocked, id=6344, stack(0x0000000057830000,0x0000000057930000)]
  0x0000000056eff000 JavaThread "Java2D Disposer" daemon [_thread_blocked, id=5732, stack(0x0000000057720000,0x0000000057820000)]
  0x00000000563b0800 JavaThread "Service Thread" daemon [_thread_blocked, id=6740, stack(0x0000000056c00000,0x0000000056d00000)]
  0x0000000054d4e800 JavaThread "C1 CompilerThread2" daemon [_thread_in_native, id=5436, stack(0x0000000056a90000,0x0000000056b90000)]
  0x0000000054d4e000 JavaThread "C2 CompilerThread1" daemon [_thread_blocked, id=4588, stack(0x0000000056920000,0x0000000056a20000)]
=>0x0000000054d46000 JavaThread "C2 CompilerThread0" daemon [_thread_in_native, id=856, stack(0x0000000055cd0000,0x0000000055dd0000)]
  0x0000000054d43800 JavaThread "Attach Listener" daemon [_thread_blocked, id=5140, stack(0x0000000056130000,0x0000000056230000)]
  0x0000000054d40800 JavaThread "Signal Dispatcher" daemon [_thread_blocked, id=6184, stack(0x0000000056230000,0x0000000056330000)]
  0x0000000054d2a800 JavaThread "Finalizer" daemon [_thread_blocked, id=4028, stack(0x0000000055fb0000,0x00000000560b0000)]
  0x0000000054ce3000 JavaThread "Reference Handler" daemon [_thread_blocked, id=6584, stack(0x0000000055e00000,0x0000000055f00000)]

Other Threads:
  0x0000000054cdb800 VMThread [stack: 0x0000000055bc0000,0x0000000055cc0000] [id=2024]
  0x00000000563b6000 WatcherThread [stack: 0x0000000056d50000,0x0000000056e50000] [id=6152]

VM state:not at safepoint (normal execution)

VM Mutex/Monitor currently owned by a thread: None

Heap:
 PSYoungGen      total 18944K, used 18563K [0x00000000eb180000, 0x00000000ed680000, 0x0000000100000000)
  eden space 16384K, 98% used [0x00000000eb180000,0x00000000ec134cb0,0x00000000ec180000)
  from space 2560K, 96% used [0x00000000ec180000,0x00000000ec3ec010,0x00000000ec400000)
  to   space 2560K, 0% used [0x00000000ed400000,0x00000000ed400000,0x00000000ed680000)
 ParOldGen       total 44032K, used 14153K [0x00000000c1400000, 0x00000000c3f00000, 0x00000000eb180000)
  object space 44032K, 32% used [0x00000000c1400000,0x00000000c21d27a0,0x00000000c3f00000)
 Metaspace       used 14542K, capacity 14774K, committed 15104K, reserved 1062912K
  class space    used 1912K, capacity 1973K, committed 2048K, reserved 1048576K

Card table byte_map: [0x0000000011860000,0x0000000011a60000] byte_map_base: 0x0000000011256000

Marking Bits: (ParMarkBitMap*) 0x000000006f64f860
 Begin Bits: [0x00000000121f0000, 0x00000000131a0000)
 End Bits:   [0x00000000131a0000, 0x0000000014150000)

Polling page: 0x0000000000400000

CodeCache: size=245760Kb used=3072Kb max_used=3084Kb free=242687Kb
 bounds [0x00000000024a0000, 0x00000000027b0000, 0x00000000114a0000]
 total_blobs=1399 nmethods=896 adapters=415
 compilation: enabled

Compilation events (10 events):
Event: 1.202 Thread 0x0000000054d4e800  891       3       java.util.zip.InflaterInputStream::ensureOpen (18 bytes)
Event: 1.202 Thread 0x0000000054d4e800 nmethod 891 0x000000000279b010 code [0x000000000279b180, 0x000000000279b3c8]
Event: 1.202 Thread 0x0000000054d4e800  893 %     3       sun.awt.image.PNGImageDecoder::filterRow @ 249 (459 bytes)
Event: 1.203 Thread 0x0000000054d4e800 nmethod 893% 0x000000000279d750 code [0x000000000279d9c0, 0x000000000279e928]
Event: 1.203 Thread 0x0000000054d4e800  894       3       sun.awt.image.PNGImageDecoder::filterRow (459 bytes)
Event: 1.204 Thread 0x0000000054d4e800 nmethod 894 0x000000000279fa10 code [0x000000000279fc60, 0x00000000027a0a08]
Event: 1.205 Thread 0x0000000054d46000  895 %     4       sun.awt.image.PNGImageDecoder::filterRow @ 249 (459 bytes)
Event: 1.212 Thread 0x0000000054d46000 nmethod 895% 0x000000000279a250 code [0x000000000279a3a0, 0x000000000279aa18]
Event: 1.212 Thread 0x0000000054d4e800  897 % !   3       sun.awt.image.PNGImageDecoder::produceImage @ 960 (1916 bytes)
Event: 1.212 Thread 0x0000000054d46000  898       4       sun.awt.image.PNGImageDecoder::filterRow (459 bytes)

GC Heap History (2 events):
Event: 0.783 GC heap before
{Heap before GC invocations=1 (full 0):
 PSYoungGen      total 18944K, used 16384K [0x00000000eb180000, 0x00000000ec680000, 0x0000000100000000)
  eden space 16384K, 100% used [0x00000000eb180000,0x00000000ec180000,0x00000000ec180000)
  from space 2560K, 0% used [0x00000000ec400000,0x00000000ec400000,0x00000000ec680000)
  to   space 2560K, 0% used [0x00000000ec180000,0x00000000ec180000,0x00000000ec400000)
 ParOldGen       total 44032K, used 0K [0x00000000c1400000, 0x00000000c3f00000, 0x00000000eb180000)
  object space 44032K, 0% used [0x00000000c1400000,0x00000000c1400000,0x00000000c3f00000)
 Metaspace       used 12290K, capacity 12546K, committed 12800K, reserved 1060864K
  class space    used 1657K, capacity 1747K, committed 1792K, reserved 1048576K
Event: 0.792 GC heap after
Heap after GC invocations=1 (full 0):
 PSYoungGen      total 18944K, used 2480K [0x00000000eb180000, 0x00000000ed680000, 0x0000000100000000)
  eden space 16384K, 0% used [0x00000000eb180000,0x00000000eb180000,0x00000000ec180000)
  from space 2560K, 96% used [0x00000000ec180000,0x00000000ec3ec010,0x00000000ec400000)
  to   space 2560K, 0% used [0x00000000ed400000,0x00000000ed400000,0x00000000ed680000)
 ParOldGen       total 44032K, used 14153K [0x00000000c1400000, 0x00000000c3f00000, 0x00000000eb180000)
  object space 44032K, 32% used [0x00000000c1400000,0x00000000c21d27a0,0x00000000c3f00000)
 Metaspace       used 12290K, capacity 12546K, committed 12800K, reserved 1060864K
  class space    used 1657K, capacity 1747K, committed 1792K, reserved 1048576K
}

Deoptimization events (10 events):
Event: 0.514 Thread 0x0000000056f05000 Uncommon trap: reason=class_check action=maybe_recompile pc=0x00000000025ba918 method=java.lang.String.equals(Ljava/lang/Object;)Z @ 8
Event: 0.766 Thread 0x00000000570ab800 Uncommon trap: reason=class_check action=maybe_recompile pc=0x000000000267b56c method=java.io.DataInputStream.readByte()B @ 4
Event: 0.766 Thread 0x00000000570ab800 Uncommon trap: reason=class_check action=maybe_recompile pc=0x000000000267b56c method=java.io.DataInputStream.readByte()B @ 4
Event: 0.766 Thread 0x00000000570ab800 Uncommon trap: reason=class_check action=maybe_recompile pc=0x000000000267b56c method=java.io.DataInputStream.readByte()B @ 4
Event: 0.766 Thread 0x00000000570ab800 Uncommon trap: reason=class_check action=maybe_recompile pc=0x000000000267b56c method=java.io.DataInputStream.readByte()B @ 4
Event: 0.923 Thread 0x0000000056f05000 Uncommon trap: reason=unstable_if action=reinterpret pc=0x0000000002743d18 method=java.lang.String.indexOf([CII[CIII)I @ 3
Event: 0.952 Thread 0x0000000056f05000 Uncommon trap: reason=bimorphic action=maybe_recompile pc=0x0000000002760840 method=java.util.HashMap.putVal(ILjava/lang/Object;Ljava/lang/Object;ZZ)Ljava/lang/Object; @ 91
Event: 1.159 Thread 0x0000000056f03800 Uncommon trap: reason=unstable_if action=reinterpret pc=0x000000000276f56c method=java.util.HashMap.putVal(ILjava/lang/Object;Ljava/lang/Object;ZZ)Ljava/lang/Object; @ 193
Event: 1.159 Thread 0x0000000056f03800 Uncommon trap: reason=bimorphic action=maybe_recompile pc=0x0000000002760840 method=java.util.HashMap.putVal(ILjava/lang/Object;Ljava/lang/Object;ZZ)Ljava/lang/Object; @ 91
Event: 1.160 Thread 0x0000000056f03800 Uncommon trap: reason=unstable_if action=reinterpret pc=0x00000000027607f4 method=java.util.HashMap.putVal(ILjava/lang/Object;Ljava/lang/Object;ZZ)Ljava/lang/Object; @ 193

Classes redefined (0 events):
No events

Internal exceptions (10 events):
Event: 0.050 Thread 0x000000000058f000 Exception <a 'java/lang/NoSuchMethodError': Method sun.misc.Unsafe.defineClass(Ljava/lang/String;[BII)Ljava/lang/Class; name or signature does not match> (0x00000000eb187ca0) thrown at [C:\re\workspace\8-2-build-windows-amd64-cygwin\jdk8u161\10277\hotspot
Event: 0.050 Thread 0x000000000058f000 Exception <a 'java/lang/NoSuchMethodError': Method sun.misc.Unsafe.prefetchRead(Ljava/lang/Object;J)V name or signature does not match> (0x00000000eb187f88) thrown at [C:\re\workspace\8-2-build-windows-amd64-cygwin\jdk8u161\10277\hotspot\src\share\vm\prim
Event: 0.216 Thread 0x000000000058f000 Exception <a 'java/security/PrivilegedActionException'> (0x00000000eb2b8850) thrown at [C:\re\workspace\8-2-build-windows-amd64-cygwin\jdk8u161\10277\hotspot\src\share\vm\prims\jvm.cpp, line 1390]
Event: 0.216 Thread 0x000000000058f000 Exception <a 'java/security/PrivilegedActionException'> (0x00000000eb2b8a60) thrown at [C:\re\workspace\8-2-build-windows-amd64-cygwin\jdk8u161\10277\hotspot\src\share\vm\prims\jvm.cpp, line 1390]
Event: 0.217 Thread 0x000000000058f000 Exception <a 'java/security/PrivilegedActionException'> (0x00000000eb2bc6d0) thrown at [C:\re\workspace\8-2-build-windows-amd64-cygwin\jdk8u161\10277\hotspot\src\share\vm\prims\jvm.cpp, line 1390]
Event: 0.217 Thread 0x000000000058f000 Exception <a 'java/security/PrivilegedActionException'> (0x00000000eb2bc8e0) thrown at [C:\re\workspace\8-2-build-windows-amd64-cygwin\jdk8u161\10277\hotspot\src\share\vm\prims\jvm.cpp, line 1390]
Event: 0.223 Thread 0x000000000058f000 Exception <a 'java/io/FileNotFoundException'> (0x00000000eb2c3550) thrown at [C:\re\workspace\8-2-build-windows-amd64-cygwin\jdk8u161\10277\hotspot\src\share\vm\prims\jni.cpp, line 709]
Event: 0.269 Thread 0x000000000058f000 Exception <a 'java/lang/NoSuchFieldError': method resolution failed> (0x00000000eb394868) thrown at [C:\re\workspace\8-2-build-windows-amd64-cygwin\jdk8u161\10277\hotspot\src\share\vm\prims\methodHandles.cpp, line 1167]
Event: 0.271 Thread 0x000000000058f000 Exception <a 'java/lang/NoSuchFieldError': method resolution failed> (0x00000000eb3a1c38) thrown at [C:\re\workspace\8-2-build-windows-amd64-cygwin\jdk8u161\10277\hotspot\src\share\vm\prims\methodHandles.cpp, line 1167]
Event: 0.350 Thread 0x0000000056f05000 Exception <a 'java/io/FileNotFoundException'> (0x00000000eb4c2f48) thrown at [C:\re\workspace\8-2-build-windows-amd64-cygwin\jdk8u161\10277\hotspot\src\share\vm\prims\jni.cpp, line 709]

Events (10 events):
Event: 1.185 loading class sun/awt/Symbol
Event: 1.185 loading class sun/awt/Symbol done
Event: 1.185 loading class sun/awt/Symbol$Encoder
Event: 1.185 loading class sun/awt/Symbol$Encoder done
Event: 1.192 loading class sun/awt/image/PNGImageDecoder
Event: 1.193 loading class sun/awt/image/PNGImageDecoder done
Event: 1.193 loading class sun/awt/image/PNGFilterInputStream
Event: 1.193 loading class sun/awt/image/PNGFilterInputStream done
Event: 1.193 loading class sun/awt/image/PNGImageDecoder$Chromaticities
Event: 1.193 loading class sun/awt/image/PNGImageDecoder$Chromaticities done


Dynamic libraries:
0x000000013f210000 - 0x000000013f247000 	C:\Program Files\Java\jre1.8.0_161\bin\javaw.exe
0x00000000775c0000 - 0x000000007776a000 	C:\Windows\SYSTEM32\ntdll.dll
0x0000000076fa0000 - 0x00000000770bf000 	C:\Windows\system32\kernel32.dll
0x000007fefd360000 - 0x000007fefd3ca000 	C:\Windows\system32\KERNELBASE.dll
0x000007feff3d0000 - 0x000007feff4ab000 	C:\Windows\system32\ADVAPI32.dll
0x000007fefeeb0000 - 0x000007fefef4f000 	C:\Windows\system32\msvcrt.dll
0x000007fefd750000 - 0x000007fefd76f000 	C:\Windows\SYSTEM32\sechost.dll
0x000007fefd7f0000 - 0x000007fefd91d000 	C:\Windows\system32\RPCRT4.dll
0x00000000770c0000 - 0x00000000771ba000 	C:\Windows\system32\USER32.dll
0x000007feff4c0000 - 0x000007feff527000 	C:\Windows\system32\GDI32.dll
0x000007feff4b0000 - 0x000007feff4be000 	C:\Windows\system32\LPK.dll
0x000007fefede0000 - 0x000007fefeeaa000 	C:\Windows\system32\USP10.dll
0x000007fefb770000 - 0x000007fefb964000 	C:\Windows\WinSxS\amd64_microsoft.windows.common-controls_6595b64144ccf1df_6.0.7601.18837_none_fa3b1e3d17594757\COMCTL32.dll
0x000007fefd770000 - 0x000007fefd7e1000 	C:\Windows\system32\SHLWAPI.dll
0x000007fefedb0000 - 0x000007fefedde000 	C:\Windows\system32\IMM32.DLL
0x000007feff0e0000 - 0x000007feff1e9000 	C:\Windows\system32\MSCTF.dll
0x000000006d270000 - 0x000000006d342000 	C:\Program Files\Java\jre1.8.0_161\bin\msvcr100.dll
0x000000006ee30000 - 0x000000006f6cf000 	C:\Program Files\Java\jre1.8.0_161\bin\server\jvm.dll
0x000007fef8910000 - 0x000007fef8919000 	C:\Windows\system32\WSOCK32.dll
0x000007fefd9a0000 - 0x000007fefd9ed000 	C:\Windows\system32\WS2_32.dll
0x000007feff530000 - 0x000007feff538000 	C:\Windows\system32\NSI.dll
0x000007fef8a00000 - 0x000007fef8a3b000 	C:\Windows\system32\WINMM.dll
0x000007fefc390000 - 0x000007fefc39c000 	C:\Windows\system32\VERSION.dll
0x0000000077780000 - 0x0000000077787000 	C:\Windows\system32\PSAPI.DLL
0x00000000741d0000 - 0x00000000741df000 	C:\Program Files\Java\jre1.8.0_161\bin\verify.dll
0x00000000741a0000 - 0x00000000741c9000 	C:\Program Files\Java\jre1.8.0_161\bin\java.dll
0x0000000074180000 - 0x0000000074196000 	C:\Program Files\Java\jre1.8.0_161\bin\zip.dll
0x000007fefda50000 - 0x000007fefe7da000 	C:\Windows\system32\SHELL32.dll
0x000007feff540000 - 0x000007feff743000 	C:\Windows\system32\ole32.dll
0x000007fefd2f0000 - 0x000007fefd2ff000 	C:\Windows\system32\profapi.dll
0x0000000070840000 - 0x00000000709d8000 	C:\Program Files\Java\jre1.8.0_161\bin\awt.dll
0x000007feff7f0000 - 0x000007feff8ca000 	C:\Windows\system32\OLEAUT32.dll
0x000007feface0000 - 0x000007fefad36000 	C:\Windows\system32\uxtheme.dll
0x000007fefa8d0000 - 0x000007fefa8e8000 	C:\Windows\system32\dwmapi.dll
0x000007fefd150000 - 0x000007fefd15f000 	C:\Windows\system32\CRYPTBASE.dll
0x000007feeaa80000 - 0x000007feeab9d000 	C:\Windows\system32\opengl32.dll
0x000007feeaa50000 - 0x000007feeaa7d000 	C:\Windows\system32\GLU32.dll
0x000007fee7a00000 - 0x000007fee7af1000 	C:\Windows\system32\DDRAW.dll
0x000007feee670000 - 0x000007feee678000 	C:\Windows\system32\DCIMAN32.dll
0x000007feff1f0000 - 0x000007feff3c7000 	C:\Windows\system32\SETUPAPI.dll
0x000007fefd670000 - 0x000007fefd6a6000 	C:\Windows\system32\CFGMGR32.dll
0x000007fefd650000 - 0x000007fefd66a000 	C:\Windows\system32\DEVOBJ.dll
0x0000000070cd0000 - 0x0000000070d17000 	C:\Program Files\Java\jre1.8.0_161\bin\fontmanager.dll
0x0000000071610000 - 0x000000007162a000 	C:\Program Files\Java\jre1.8.0_161\bin\net.dll
0x000007fefca90000 - 0x000007fefcae5000 	C:\Windows\system32\mswsock.dll
0x000007fefca80000 - 0x000007fefca87000 	C:\Windows\System32\wship6.dll
0x00000000710a0000 - 0x00000000710b1000 	C:\Program Files\Java\jre1.8.0_161\bin\nio.dll
0x0000000070c80000 - 0x0000000070cc2000 	C:\Program Files\Java\jre1.8.0_161\bin\t2k.dll
0x0000000070c40000 - 0x0000000070c71000 	C:\Program Files\Java\jre1.8.0_161\bin\jpeg.dll

VM Arguments:
jvm_args: -Dfile.encoding=Cp1252 
java_command: br.com.controle.imobiliario.view.CadastrarDespesa
java_class_path (initial): C:\Users\Informatica01\workspace\ControleImobiliario\bin;D:\Documentos\Desktop\Driver POSTGRESQL\postgresql-9.4-1201.jdbc4.jar;C:\Users\Informatica01\workspace\ControleImobiliario\Biblioteca\commons-beanutils-1.8.2.jar;C:\Users\Informatica01\workspace\ControleImobiliario\Biblioteca\commons-collections-3.2.1.jar;C:\Users\Informatica01\workspace\ControleImobiliario\Biblioteca\commons-digester-2.1.jar;C:\Users\Informatica01\workspace\ControleImobiliario\Biblioteca\commons-logging-1.1.jar;C:\Users\Informatica01\workspace\ControleImobiliario\Biblioteca\groovy-all-2.0.1.jar;C:\Users\Informatica01\workspace\ControleImobiliario\Biblioteca\iText-2.1.7.js2.jar;C:\Users\Informatica01\workspace\ControleImobiliario\Biblioteca\jasperreports-5.6.0.jar;C:\Users\Informatica01\workspace\ControleImobiliario\Biblioteca\jasperreports-fonts-5.6.0.jar;C:\Users\Informatica01\workspace\ControleImobiliario\jcalendar-1.4.jar
Launcher Type: SUN_STANDARD

Environment Variables:



---------------  S Y S T E M  ---------------

OS: Windows 7 , 64 bit Build 7601 (6.1.7601.23539)

CPU:total 4 (initial active 4) (2 cores per cpu, 2 threads per core) family 6 model 42 stepping 7, cmov, cx8, fxsr, mmx, sse, sse2, sse3, ssse3, sse4.1, sse4.2, popcnt, avx, clmul, ht, tsc, tscinvbit

Memory: 4k page, physical 4104836k(503260k free), swap 4102976k(5092k free)

vm_info: Java HotSpot(TM) 64-Bit Server VM (25.161-b12) for windows-amd64 JRE (1.8.0_161-b12), built on Dec 19 2017 17:52:25 by "java_re" with MS VC++ 10.0 (VS2010)

time: Tue May 07 06:56:51 2019
elapsed time: 1 seconds (0d 0h 0m 1s)

