#
# There is insufficient memory for the Java Runtime Environment to continue.
# Native memory allocation (malloc) failed to allocate 32744 bytes for ChunkPool::allocate
# Possible reasons:
#   The system is out of physical RAM or swap space
#   In 32 bit mode, the process size limit was hit
# Possible solutions:
#   Reduce memory load on the system
#   Increase physical memory or swap space
#   Check if swap backing store is full
#   Use 64 bit Java on a 64 bit OS
#   Decrease Java heap size (-Xmx/-Xms)
#   Decrease number of Java threads
#   Decrease Java thread stack sizes (-Xss)
#   Set larger code cache with -XX:ReservedCodeCacheSize=
# This output file may be truncated or incomplete.
#
#  Out of Memory Error (allocation.cpp:273), pid=6060, tid=0x00000000000019bc
#
# JRE version: Java(TM) SE Runtime Environment (8.0_161-b12) (build 1.8.0_161-b12)
# Java VM: Java HotSpot(TM) 64-Bit Server VM (25.161-b12 mixed mode windows-amd64 compressed oops)
# Failed to write core dump. Minidumps are not enabled by default on client versions of Windows
#

---------------  T H R E A D  ---------------

Current thread (0x0000000001fce800):  JavaThread "main" [_thread_in_vm, id=6588, stack(0x00000000022c0000,0x00000000023c0000)]

Stack: [0x00000000022c0000,0x00000000023c0000]
[error occurred during error reporting (printing stack bounds), id 0xc0000005]

Native frames: (J=compiled Java code, j=interpreted, Vv=VM code, C=native code)

Java frames: (J=compiled Java code, j=interpreted, Vv=VM code)
j  java.lang.invoke.MemberName$Factory.resolveOrFail(BLjava/lang/invoke/MemberName;Ljava/lang/Class;Ljava/lang/Class;)Ljava/lang/invoke/MemberName;+29
j  java.lang.invoke.MethodHandles$Lookup.resolveOrFail(BLjava/lang/Class;Ljava/lang/String;Ljava/lang/invoke/MethodType;)Ljava/lang/invoke/MemberName;+44
j  java.lang.invoke.MethodHandles$Lookup.findStatic(Ljava/lang/Class;Ljava/lang/String;Ljava/lang/invoke/MethodType;)Ljava/lang/invoke/MethodHandle;+6
j  java.lang.invoke.MethodHandleImpl.findCollector(Ljava/lang/String;ILjava/lang/Class;[Ljava/lang/Class;)Ljava/lang/invoke/MethodHandle;+23
j  java.lang.invoke.MethodHandleImpl.makeArrays()[Ljava/lang/invoke/MethodHandle;+20
j  java.lang.invoke.MethodHandleImpl.access$000()[Ljava/lang/invoke/MethodHandle;+0
j  java.lang.invoke.MethodHandleImpl$Lazy.<clinit>()V+5
v  ~StubRoutines::call_stub
j  java.lang.invoke.MethodHandleImpl.varargsArray(I)Ljava/lang/invoke/MethodHandle;+0
j  java.lang.invoke.MethodHandleImpl.varargsArray(Ljava/lang/Class;I)Ljava/lang/invoke/MethodHandle;+121
j  java.lang.invoke.MethodHandle.asCollector(Ljava/lang/Class;I)Ljava/lang/invoke/MethodHandle;+36
j  java.lang.invoke.MethodHandleImpl$AsVarargsCollector.<init>(Ljava/lang/invoke/MethodType;Ljava/lang/invoke/MethodHandle;Ljava/lang/Class;)V+20
j  java.lang.invoke.MethodHandleImpl$AsVarargsCollector.<init>(Ljava/lang/invoke/MethodHandle;Ljava/lang/Class;)V+7
j  java.lang.invoke.MethodHandleImpl.makeVarargsCollector(Ljava/lang/invoke/MethodHandle;Ljava/lang/Class;)Ljava/lang/invoke/MethodHandle;+43
j  java.lang.invoke.MethodHandle.setVarargs(Ljava/lang/invoke/MemberName;)Ljava/lang/invoke/MethodHandle;+26
j  java.lang.invoke.MethodHandles$Lookup.getDirectMethodCommon(BLjava/lang/Class;Ljava/lang/invoke/MemberName;ZZLjava/lang/Class;)Ljava/lang/invoke/MethodHandle;+263
j  java.lang.invoke.MethodHandles$Lookup.getDirectMethod(BLjava/lang/Class;Ljava/lang/invoke/MemberName;Ljava/lang/Class;)Ljava/lang/invoke/MethodHandle;+8
j  java.lang.invoke.MethodHandles$Lookup.findStatic(Ljava/lang/Class;Ljava/lang/String;Ljava/lang/invoke/MethodType;)Ljava/lang/invoke/MethodHandle;+23
j  java.lang.invoke.CallSite.<clinit>()V+35
v  ~StubRoutines::call_stub
j  java.lang.invoke.MethodHandleNatives.linkCallSiteImpl(Ljava/lang/Class;Ljava/lang/invoke/MethodHandle;Ljava/lang/String;Ljava/lang/invoke/MethodType;Ljava/lang/Object;[Ljava/lang/Object;)Ljava/lang/invoke/MemberName;+6
j  java.lang.invoke.MethodHandleNatives.linkCallSite(Ljava/lang/Object;Ljava/lang/Object;Ljava/lang/Object;Ljava/lang/Object;Ljava/lang/Object;[Ljava/lang/Object;)Ljava/lang/invoke/MemberName;+45
v  ~StubRoutines::call_stub
j  java.awt.GraphicsEnvironment.getHeadlessProperty()Z+6
j  java.awt.GraphicsEnvironment.isHeadless()Z+0
j  java.awt.Toolkit.<clinit>()V+47
v  ~StubRoutines::call_stub
j  java.awt.Component.<clinit>()V+93
v  ~StubRoutines::call_stub

---------------  P R O C E S S  ---------------

Java Threads: ( => current thread )
  0x00000000567b5800 JavaThread "Service Thread" daemon [_thread_blocked, id=8188, stack(0x0000000056e40000,0x0000000056f40000)]
  0x0000000056759800 JavaThread "C1 CompilerThread2" daemon [_thread_in_native, id=5148, stack(0x0000000056c50000,0x0000000056d50000)]
  0x0000000056752800 JavaThread "C2 CompilerThread1" daemon [_thread_blocked, id=3836, stack(0x0000000055db0000,0x0000000055eb0000)]
  0x0000000054e6a800 JavaThread "C2 CompilerThread0" daemon [_thread_blocked, id=4320, stack(0x0000000056650000,0x0000000056750000)]
  0x0000000054e68800 JavaThread "Attach Listener" daemon [_thread_blocked, id=5364, stack(0x0000000056490000,0x0000000056590000)]
  0x0000000054e61800 JavaThread "Signal Dispatcher" daemon [_thread_blocked, id=5748, stack(0x0000000056380000,0x0000000056480000)]
  0x0000000054e4b000 JavaThread "Finalizer" daemon [_thread_blocked, id=8040, stack(0x00000000561f0000,0x00000000562f0000)]
  0x0000000054e04000 JavaThread "Reference Handler" daemon [_thread_blocked, id=7524, stack(0x00000000560c0000,0x00000000561c0000)]
=>0x0000000001fce800 JavaThread "main" [_thread_in_vm, id=6588, stack(0x00000000022c0000,0x00000000023c0000)]

Other Threads:
  0x0000000054dfc800 VMThread [stack: 0x0000000055eb0000,0x0000000055fb0000] [id=1068]
  0x00000000567e5000 WatcherThread [stack: 0x00000000570b0000,0x00000000571b0000] [id=6056]

VM state:not at safepoint (normal execution)

VM Mutex/Monitor currently owned by a thread: None

Heap:
 PSYoungGen      total 18944K, used 1968K [0x00000000eb180000, 0x00000000ec680000, 0x0000000100000000)
  eden space 16384K, 12% used [0x00000000eb180000,0x00000000eb36c108,0x00000000ec180000)
  from space 2560K, 0% used [0x00000000ec400000,0x00000000ec400000,0x00000000ec680000)
  to   space 2560K, 0% used [0x00000000ec180000,0x00000000ec180000,0x00000000ec400000)
 ParOldGen       total 44032K, used 0K [0x00000000c1400000, 0x00000000c3f00000, 0x00000000eb180000)
  object space 44032K, 0% used [0x00000000c1400000,0x00000000c1400000,0x00000000c3f00000)
 Metaspace       used 3983K, capacity 4692K, committed 4992K, reserved 1056768K
  class space    used 459K, capacity 541K, committed 640K, reserved 1048576K

Card table byte_map: [0x0000000011a50000,0x0000000011c50000] byte_map_base: 0x0000000011446000

Marking Bits: (ParMarkBitMap*) 0x000000006c61f860
 Begin Bits: [0x0000000012310000, 0x00000000132c0000)
 End Bits:   [0x00000000132c0000, 0x0000000014270000)

Polling page: 0x0000000000400000

CodeCache: size=245760Kb used=1313Kb max_used=1313Kb free=244447Kb
 bounds [0x0000000002690000, 0x0000000002900000, 0x0000000011690000]
 total_blobs=431 nmethods=168 adapters=176
 compilation: enabled

Compilation events (10 events):
Event: 0.361 Thread 0x0000000056759800 nmethod 154 0x00000000027d6190 code [0x00000000027d6300, 0x00000000027d6528]
Event: 0.361 Thread 0x0000000056759800  156       1       java.lang.invoke.MethodHandle::type (5 bytes)
Event: 0.361 Thread 0x0000000056759800 nmethod 156 0x00000000027d65d0 code [0x00000000027d6720, 0x00000000027d6830]
Event: 0.361 Thread 0x0000000056759800  158       3       java.lang.invoke.LambdaForm$NamedFunction::methodType (23 bytes)
Event: 0.361 Thread 0x0000000056759800 nmethod 158 0x00000000027d6890 code [0x00000000027d6a00, 0x00000000027d6ce8]
Event: 0.361 Thread 0x0000000056759800  159       3       jdk.internal.org.objectweb.asm.ClassWriter::addType (39 bytes)
Event: 0.362 Thread 0x0000000056759800 nmethod 159 0x00000000027d70d0 code [0x00000000027d7260, 0x00000000027d7548]
Event: 0.362 Thread 0x0000000056759800  160       3       jdk.internal.org.objectweb.asm.ByteVector::putInt (74 bytes)
Event: 0.362 Thread 0x0000000056759800 nmethod 160 0x00000000027d7690 code [0x00000000027d7800, 0x00000000027d7a88]
Event: 0.362 Thread 0x0000000056759800  163       3       jdk.internal.org.objectweb.asm.Frame::execute (2252 bytes)

GC Heap History (0 events):
No events

Deoptimization events (0 events):
No events

Classes redefined (0 events):
No events

Internal exceptions (8 events):
Event: 0.088 Thread 0x0000000001fce800 Exception <a 'java/lang/NoSuchMethodError': Method sun.misc.Unsafe.defineClass(Ljava/lang/String;[BII)Ljava/lang/Class; name or signature does not match> (0x00000000eb187ca0) thrown at [C:\re\workspace\8-2-build-windows-amd64-cygwin\jdk8u161\10277\hotspot
Event: 0.088 Thread 0x0000000001fce800 Exception <a 'java/lang/NoSuchMethodError': Method sun.misc.Unsafe.prefetchRead(Ljava/lang/Object;J)V name or signature does not match> (0x00000000eb187f88) thrown at [C:\re\workspace\8-2-build-windows-amd64-cygwin\jdk8u161\10277\hotspot\src\share\vm\prim
Event: 0.320 Thread 0x0000000001fce800 Exception <a 'java/security/PrivilegedActionException'> (0x00000000eb213888) thrown at [C:\re\workspace\8-2-build-windows-amd64-cygwin\jdk8u161\10277\hotspot\src\share\vm\prims\jvm.cpp, line 1390]
Event: 0.320 Thread 0x0000000001fce800 Exception <a 'java/security/PrivilegedActionException'> (0x00000000eb213a98) thrown at [C:\re\workspace\8-2-build-windows-amd64-cygwin\jdk8u161\10277\hotspot\src\share\vm\prims\jvm.cpp, line 1390]
Event: 0.321 Thread 0x0000000001fce800 Exception <a 'java/security/PrivilegedActionException'> (0x00000000eb217708) thrown at [C:\re\workspace\8-2-build-windows-amd64-cygwin\jdk8u161\10277\hotspot\src\share\vm\prims\jvm.cpp, line 1390]
Event: 0.321 Thread 0x0000000001fce800 Exception <a 'java/security/PrivilegedActionException'> (0x00000000eb217918) thrown at [C:\re\workspace\8-2-build-windows-amd64-cygwin\jdk8u161\10277\hotspot\src\share\vm\prims\jvm.cpp, line 1390]
Event: 0.326 Thread 0x0000000001fce800 Exception <a 'java/io/FileNotFoundException'> (0x00000000eb2205e0) thrown at [C:\re\workspace\8-2-build-windows-amd64-cygwin\jdk8u161\10277\hotspot\src\share\vm\prims\jni.cpp, line 709]
Event: 0.365 Thread 0x0000000001fce800 Exception <a 'java/lang/NoSuchFieldError': method resolution failed> (0x00000000eb344208) thrown at [C:\re\workspace\8-2-build-windows-amd64-cygwin\jdk8u161\10277\hotspot\src\share\vm\prims\methodHandles.cpp, line 1167]

Events (10 events):
Event: 0.353 loading class java/lang/invoke/MethodHandleImpl$AsVarargsCollector done
Event: 0.353 loading class java/lang/invoke/WrongMethodTypeException
Event: 0.353 loading class java/lang/invoke/WrongMethodTypeException done
Event: 0.355 loading class java/lang/invoke/MethodHandleImpl$Lazy
Event: 0.355 loading class java/lang/invoke/MethodHandleImpl$Lazy done
Event: 0.355 loading class java/lang/invoke/MethodHandleImpl$IntrinsicMethodHandle
Event: 0.355 loading class java/lang/invoke/MethodHandleImpl$IntrinsicMethodHandle done
Event: 0.365 loading class java/lang/NoSuchFieldError
Event: 0.365 loading class java/lang/NoSuchFieldError done
Event: 0.365 loading class java/lang/IllegalAccessException


Dynamic libraries:
0x000000013f610000 - 0x000000013f647000 	C:\Program Files\Java\jre1.8.0_161\bin\javaw.exe
0x0000000077b60000 - 0x0000000077d0a000 	C:\Windows\SYSTEM32\ntdll.dll
0x0000000077940000 - 0x0000000077a5f000 	C:\Windows\system32\kernel32.dll
0x000007fefd8c0000 - 0x000007fefd92a000 	C:\Windows\system32\KERNELBASE.dll
0x000007feffb80000 - 0x000007feffc5b000 	C:\Windows\system32\ADVAPI32.dll
0x000007feff8d0000 - 0x000007feff96f000 	C:\Windows\system32\msvcrt.dll
0x000007fefe7d0000 - 0x000007fefe7ef000 	C:\Windows\SYSTEM32\sechost.dll
0x000007fefdd50000 - 0x000007fefde7d000 	C:\Windows\system32\RPCRT4.dll
0x0000000077a60000 - 0x0000000077b5a000 	C:\Windows\system32\USER32.dll
0x000007fefe2f0000 - 0x000007fefe357000 	C:\Windows\system32\GDI32.dll
0x000007fefe470000 - 0x000007fefe47e000 	C:\Windows\system32\LPK.dll
0x000007fefe520000 - 0x000007fefe5ea000 	C:\Windows\system32\USP10.dll
0x000007fefc240000 - 0x000007fefc434000 	C:\Windows\WinSxS\amd64_microsoft.windows.common-controls_6595b64144ccf1df_6.0.7601.18837_none_fa3b1e3d17594757\COMCTL32.dll
0x000007feff580000 - 0x000007feff5f1000 	C:\Windows\system32\SHLWAPI.dll
0x000007feffaf0000 - 0x000007feffb1e000 	C:\Windows\system32\IMM32.DLL
0x000007fefe360000 - 0x000007fefe469000 	C:\Windows\system32\MSCTF.dll
0x000000005d610000 - 0x000000005d6e2000 	C:\Program Files\Java\jre1.8.0_161\bin\msvcr100.dll
0x000000006be00000 - 0x000000006c69f000 	C:\Program Files\Java\jre1.8.0_161\bin\server\jvm.dll
0x000007fefa600000 - 0x000007fefa609000 	C:\Windows\system32\WSOCK32.dll
0x000007feffb30000 - 0x000007feffb7d000 	C:\Windows\system32\WS2_32.dll
0x000007feffb20000 - 0x000007feffb28000 	C:\Windows\system32\NSI.dll
0x000007fef8f60000 - 0x000007fef8f9b000 	C:\Windows\system32\WINMM.dll
0x000007fefc930000 - 0x000007fefc93c000 	C:\Windows\system32\VERSION.dll
0x0000000077d20000 - 0x0000000077d27000 	C:\Windows\system32\PSAPI.DLL
0x0000000074870000 - 0x000000007487f000 	C:\Program Files\Java\jre1.8.0_161\bin\verify.dll
0x0000000074730000 - 0x0000000074759000 	C:\Program Files\Java\jre1.8.0_161\bin\java.dll
0x0000000074770000 - 0x0000000074786000 	C:\Program Files\Java\jre1.8.0_161\bin\zip.dll
0x000007fefe7f0000 - 0x000007feff57a000 	C:\Windows\system32\SHELL32.dll
0x000007feffc60000 - 0x000007feffe63000 	C:\Windows\system32\ole32.dll
0x000007fefd8a0000 - 0x000007fefd8af000 	C:\Windows\system32\profapi.dll
0x0000000066180000 - 0x0000000066318000 	C:\Program Files\Java\jre1.8.0_161\bin\awt.dll
0x000007feffa10000 - 0x000007feffaea000 	C:\Windows\system32\OLEAUT32.dll

VM Arguments:
jvm_args: -Dfile.encoding=Cp1252 
java_command: br.com.controle.imobiliario.view.Entrar
java_class_path (initial): C:\Users\Informatica01\workspace\ControleImobiliario\bin;D:\Documentos\Desktop\Driver POSTGRESQL\postgresql-9.4-1201.jdbc4.jar
Launcher Type: SUN_STANDARD

Environment Variables:
JAVA_HOME=C:\Program Files\Java\jre1.8.0_31
CLASSPATH=.;JAVA_HOME
PATH=C:/Program Files/Java/jre1.8.0_161/bin/server;C:/Program Files/Java/jre1.8.0_161/bin;C:/Program Files/Java/jre1.8.0_161/lib/amd64;C:\ProgramData\Oracle\Java\javapath;C:\Oracle\product\11.2.0\client_1\bin;C:\Program Files\Common Files\Microsoft Shared\Windows Live;C:\Program Files (x86)\Common Files\Microsoft Shared\Windows Live;C:\Windows\system32;C:\Windows;C:\Windows\System32\Wbem;C:\Windows\System32\WindowsPowerShell\v1.0\;C:\Program Files (x86)\Microsoft SQL Server\100\Tools\Binn\;C:\Program Files\Microsoft SQL Server\100\Tools\Binn\;C:\Program Files\Microsoft SQL Server\100\DTS\Binn\;C:\Program Files\Java\jdk1.8.0_31\bin;C:\Program Files (x86)\Windows Live\Shared;C:\Program Files (x86)\Spiceworks\Nmap;C:\Program Files (x86)\Spiceworks\Nmap;D:\Documentos\Desktop\eclipse\eclipse;
USERNAME=Informatica01
OS=Windows_NT
PROCESSOR_IDENTIFIER=Intel64 Family 6 Model 42 Stepping 7, GenuineIntel



---------------  S Y S T E M  ---------------

OS: Windows 7 , 64 bit Build 7601 (6.1.7601.23539)

CPU:total 4 (initial active 4) (2 cores per cpu, 2 threads per core) family 6 model 42 stepping 7, cmov, cx8, fxsr, mmx, sse, sse2, sse3, ssse3, sse4.1, sse4.2, popcnt, avx, clmul, ht, tsc, tscinvbit

Memory: 4k page, physical 4104836k(775552k free), swap 4102976k(5124k free)

vm_info: Java HotSpot(TM) 64-Bit Server VM (25.161-b12) for windows-amd64 JRE (1.8.0_161-b12), built on Dec 19 2017 17:52:25 by "java_re" with MS VC++ 10.0 (VS2010)

time: Tue Apr 09 14:29:27 2019
elapsed time: 0 seconds (0d 0h 0m 0s)

